{"/home/travis/build/npmtest/node-npmtest-vivagraphjs/test.js":{"path":"/home/travis/build/npmtest/node-npmtest-vivagraphjs/test.js","s":{"1":2,"2":2,"3":2,"4":2,"5":2,"6":2,"7":2,"8":1,"9":2,"10":2,"11":1,"12":1,"13":1,"14":1,"15":2,"16":2,"17":2,"18":2,"19":1,"20":1,"21":2,"22":2,"23":2,"24":1,"25":1,"26":1,"27":1,"28":1,"29":1,"30":1,"31":1,"32":1,"33":1,"34":1,"35":1,"36":1,"37":1,"38":1,"39":2,"40":2,"41":1,"42":2,"43":2,"44":1,"45":2,"46":2,"47":1,"48":2,"49":2,"50":1,"51":1,"52":1,"53":1,"54":1},"b":{"1":[2,1,1,1],"2":[1,1,1,1],"3":[1,1],"4":[1,1],"5":[1,1],"6":[1,1],"7":[1,1],"8":[1,1],"9":[1,1],"10":[1,1,1],"11":[1,1],"12":[1,1],"13":[1,1],"14":[1,1],"15":[1,1],"16":[1,1],"17":[1,1]},"f":{"1":2,"2":2,"3":2,"4":2,"5":2,"6":1,"7":1,"8":1,"9":2,"10":2,"11":2,"12":2,"13":1},"fnMap":{"1":{"name":"(anonymous_1)","line":12,"loc":{"start":{"line":12,"column":1},"end":{"line":12,"column":13}}},"2":{"name":"(anonymous_2)","line":19,"loc":{"start":{"line":19,"column":5},"end":{"line":19,"column":17}}},"3":{"name":"(anonymous_3)","line":23,"loc":{"start":{"line":23,"column":24},"end":{"line":23,"column":36}}},"4":{"name":"(anonymous_4)","line":61,"loc":{"start":{"line":61,"column":5},"end":{"line":61,"column":17}}},"5":{"name":"(anonymous_5)","line":82,"loc":{"start":{"line":82,"column":5},"end":{"line":82,"column":17}}},"6":{"name":"(anonymous_6)","line":91,"loc":{"start":{"line":91,"column":77},"end":{"line":94,"column":10}}},"7":{"name":"(anonymous_7)","line":112,"loc":{"start":{"line":112,"column":83},"end":{"line":115,"column":10}},"skip":true},"8":{"name":"(anonymous_8)","line":123,"loc":{"start":{"line":123,"column":77},"end":{"line":126,"column":10}},"skip":true},"9":{"name":"(anonymous_9)","line":139,"loc":{"start":{"line":139,"column":12},"end":{"line":139,"column":40}},"skip":true},"10":{"name":"(anonymous_10)","line":147,"loc":{"start":{"line":147,"column":77},"end":{"line":150,"column":10}},"skip":true},"11":{"name":"(anonymous_11)","line":158,"loc":{"start":{"line":158,"column":83},"end":{"line":161,"column":10}},"skip":true},"12":{"name":"(anonymous_12)","line":169,"loc":{"start":{"line":169,"column":79},"end":{"line":172,"column":10}},"skip":true},"13":{"name":"(anonymous_13)","line":180,"loc":{"start":{"line":180,"column":75},"end":{"line":183,"column":10}},"skip":true}},"statementMap":{"1":{"start":{"line":12,"column":0},"end":{"line":195,"column":5}},"2":{"start":{"line":14,"column":4},"end":{"line":14,"column":14}},"3":{"start":{"line":19,"column":4},"end":{"line":56,"column":9}},"4":{"start":{"line":21,"column":8},"end":{"line":21,"column":19}},"5":{"start":{"line":23,"column":8},"end":{"line":35,"column":13}},"6":{"start":{"line":24,"column":12},"end":{"line":34,"column":13}},"7":{"start":{"line":25,"column":16},"end":{"line":28,"column":30}},"8":{"start":{"line":30,"column":16},"end":{"line":33,"column":27}},"9":{"start":{"line":37,"column":8},"end":{"line":39,"column":21}},"10":{"start":{"line":40,"column":8},"end":{"line":53,"column":9}},"11":{"start":{"line":43,"column":12},"end":{"line":46,"column":14}},"12":{"start":{"line":47,"column":12},"end":{"line":47,"column":18}},"13":{"start":{"line":50,"column":12},"end":{"line":51,"column":33}},"14":{"start":{"line":52,"column":12},"end":{"line":52,"column":18}},"15":{"start":{"line":55,"column":8},"end":{"line":55,"column":35}},"16":{"start":{"line":61,"column":4},"end":{"line":63,"column":9}},"17":{"start":{"line":62,"column":8},"end":{"line":62,"column":15}},"18":{"start":{"line":64,"column":4},"end":{"line":77,"column":5}},"19":{"start":{"line":70,"column":8},"end":{"line":70,"column":14}},"20":{"start":{"line":76,"column":8},"end":{"line":76,"column":14}},"21":{"start":{"line":82,"column":4},"end":{"line":84,"column":9}},"22":{"start":{"line":83,"column":8},"end":{"line":83,"column":15}},"23":{"start":{"line":85,"column":4},"end":{"line":194,"column":5}},"24":{"start":{"line":91,"column":8},"end":{"line":99,"column":10}},"25":{"start":{"line":98,"column":12},"end":{"line":98,"column":35}},"26":{"start":{"line":102,"column":8},"end":{"line":104,"column":63}},"27":{"start":{"line":105,"column":8},"end":{"line":105,"column":14}},"28":{"start":{"line":112,"column":8},"end":{"line":121,"column":10},"skip":true},"29":{"start":{"line":119,"column":12},"end":{"line":119,"column":55},"skip":true},"30":{"start":{"line":120,"column":12},"end":{"line":120,"column":48},"skip":true},"31":{"start":{"line":123,"column":8},"end":{"line":136,"column":10},"skip":true},"32":{"start":{"line":130,"column":12},"end":{"line":130,"column":76},"skip":true},"33":{"start":{"line":131,"column":12},"end":{"line":131,"column":73},"skip":true},"34":{"start":{"line":132,"column":12},"end":{"line":132,"column":74},"skip":true},"35":{"start":{"line":133,"column":12},"end":{"line":133,"column":79},"skip":true},"36":{"start":{"line":134,"column":12},"end":{"line":134,"column":25},"skip":true},"37":{"start":{"line":135,"column":12},"end":{"line":135,"column":45},"skip":true},"38":{"start":{"line":138,"column":8},"end":{"line":145,"column":14},"skip":true},"39":{"start":{"line":143,"column":16},"end":{"line":143,"column":29},"skip":true},"40":{"start":{"line":144,"column":16},"end":{"line":144,"column":55},"skip":true},"41":{"start":{"line":147,"column":8},"end":{"line":156,"column":10},"skip":true},"42":{"start":{"line":154,"column":12},"end":{"line":154,"column":25},"skip":true},"43":{"start":{"line":155,"column":12},"end":{"line":155,"column":45},"skip":true},"44":{"start":{"line":158,"column":8},"end":{"line":167,"column":10},"skip":true},"45":{"start":{"line":165,"column":12},"end":{"line":165,"column":25},"skip":true},"46":{"start":{"line":166,"column":12},"end":{"line":166,"column":48},"skip":true},"47":{"start":{"line":169,"column":8},"end":{"line":178,"column":10},"skip":true},"48":{"start":{"line":176,"column":12},"end":{"line":176,"column":25},"skip":true},"49":{"start":{"line":177,"column":12},"end":{"line":177,"column":46},"skip":true},"50":{"start":{"line":180,"column":8},"end":{"line":189,"column":10},"skip":true},"51":{"start":{"line":187,"column":12},"end":{"line":187,"column":94},"skip":true},"52":{"start":{"line":188,"column":12},"end":{"line":188,"column":48},"skip":true},"53":{"start":{"line":192,"column":8},"end":{"line":192,"column":35},"skip":true},"54":{"start":{"line":193,"column":8},"end":{"line":193,"column":14},"skip":true}},"branchMap":{"1":{"line":25,"type":"binary-expr","locations":[{"start":{"line":25,"column":23},"end":{"line":25,"column":62}},{"start":{"line":26,"column":20},"end":{"line":26,"column":70}},{"start":{"line":27,"column":20},"end":{"line":27,"column":71}},{"start":{"line":28,"column":20},"end":{"line":28,"column":29}}]},"2":{"line":30,"type":"binary-expr","locations":[{"start":{"line":30,"column":23},"end":{"line":30,"column":37}},{"start":{"line":31,"column":20},"end":{"line":31,"column":61}},{"start":{"line":32,"column":20},"end":{"line":32,"column":70}},{"start":{"line":33,"column":20},"end":{"line":33,"column":26}}]},"3":{"line":37,"type":"cond-expr","locations":[{"start":{"line":38,"column":14},"end":{"line":38,"column":20}},{"start":{"line":39,"column":14},"end":{"line":39,"column":20}}]},"4":{"line":40,"type":"switch","locations":[{"start":{"line":42,"column":8},"end":{"line":47,"column":18}},{"start":{"line":49,"column":8},"end":{"line":52,"column":18}}]},"5":{"line":44,"type":"binary-expr","locations":[{"start":{"line":44,"column":16},"end":{"line":44,"column":44}},{"start":{"line":44,"column":48},"end":{"line":44,"column":66}}]},"6":{"line":50,"type":"binary-expr","locations":[{"start":{"line":50,"column":21},"end":{"line":50,"column":49}},{"start":{"line":50,"column":53},"end":{"line":50,"column":72}}]},"7":{"line":64,"type":"switch","locations":[{"start":{"line":69,"column":4},"end":{"line":70,"column":14}},{"start":{"line":75,"column":4},"end":{"line":76,"column":14}}]},"8":{"line":85,"type":"switch","locations":[{"start":{"line":90,"column":4},"end":{"line":105,"column":14}},{"start":{"line":111,"column":4},"end":{"line":193,"column":14},"skip":true}]},"9":{"line":91,"type":"binary-expr","locations":[{"start":{"line":91,"column":42},"end":{"line":91,"column":73}},{"start":{"line":91,"column":77},"end":{"line":99,"column":9}}]},"10":{"line":102,"type":"binary-expr","locations":[{"start":{"line":102,"column":18},"end":{"line":102,"column":32}},{"start":{"line":103,"column":12},"end":{"line":103,"column":53}},{"start":{"line":104,"column":12},"end":{"line":104,"column":61}}]},"11":{"line":112,"type":"binary-expr","locations":[{"start":{"line":112,"column":45},"end":{"line":112,"column":79},"skip":true},{"start":{"line":112,"column":83},"end":{"line":121,"column":9},"skip":true}]},"12":{"line":123,"type":"binary-expr","locations":[{"start":{"line":123,"column":42},"end":{"line":123,"column":73},"skip":true},{"start":{"line":123,"column":77},"end":{"line":136,"column":9},"skip":true}]},"13":{"line":138,"type":"binary-expr","locations":[{"start":{"line":138,"column":48},"end":{"line":138,"column":85},"skip":true},{"start":{"line":139,"column":12},"end":{"line":145,"column":13},"skip":true}]},"14":{"line":147,"type":"binary-expr","locations":[{"start":{"line":147,"column":42},"end":{"line":147,"column":73},"skip":true},{"start":{"line":147,"column":77},"end":{"line":156,"column":9},"skip":true}]},"15":{"line":158,"type":"binary-expr","locations":[{"start":{"line":158,"column":45},"end":{"line":158,"column":79},"skip":true},{"start":{"line":158,"column":83},"end":{"line":167,"column":9},"skip":true}]},"16":{"line":169,"type":"binary-expr","locations":[{"start":{"line":169,"column":43},"end":{"line":169,"column":75},"skip":true},{"start":{"line":169,"column":79},"end":{"line":178,"column":9},"skip":true}]},"17":{"line":180,"type":"binary-expr","locations":[{"start":{"line":180,"column":41},"end":{"line":180,"column":71},"skip":true},{"start":{"line":180,"column":75},"end":{"line":189,"column":9},"skip":true}]}},"code":["/* istanbul instrument in package npmtest_vivagraphjs */","/*jslint","    bitwise: true,","    browser: true,","    maxerr: 8,","    maxlen: 96,","    node: true,","    nomen: true,","    regexp: true,","    stupid: true","*/","(function () {","    'use strict';","    var local;","","","","    // run shared js-env code - pre-init","    (function () {","        // init local","        local = {};","        // init modeJs","        local.modeJs = (function () {","            try {","                return typeof navigator.userAgent === 'string' &&","                    typeof document.querySelector('body') === 'object' &&","                    typeof XMLHttpRequest.prototype.open === 'function' &&","                    'browser';","            } catch (errorCaughtBrowser) {","                return module.exports &&","                    typeof process.versions.node === 'string' &&","                    typeof require('http').createServer === 'function' &&","                    'node';","            }","        }());","        // init global","        local.global = local.modeJs === 'browser'","            ? window","            : global;","        switch (local.modeJs) {","        // re-init local from window.local","        case 'browser':","            local = local.global.utility2.objectSetDefault(","                local.global.utility2_rollup || local.global.local,","                local.global.utility2","            );","            break;","        // re-init local from example.js","        case 'node':","            local = (local.global.utility2_rollup || require('utility2'))","                .requireReadme();","            break;","        }","        // export local","        local.global.local = local;","    }());","","","","    // run shared js-env code - function","    (function () {","        return;","    }());","    switch (local.modeJs) {","","","","    // run browser js-env code - function","    case 'browser':","        break;","","","","    // run node js-env code - function","    case 'node':","        break;","    }","","","","    // run shared js-env code - post-init","    (function () {","        return;","    }());","    switch (local.modeJs) {","","","","    // run browser js-env code - post-init","    case 'browser':","        local.testCase_browser_nullCase = local.testCase_browser_nullCase || function (","            options,","            onError","        ) {","        /*","         * this function will test browsers's null-case handling-behavior-behavior","         */","            onError(null, options);","        };","","        // run tests","        local.nop(local.modeTest &&","            document.querySelector('#testRunButton1') &&","            document.querySelector('#testRunButton1').click());","        break;","","","","    // run node js-env code - post-init","    /* istanbul ignore next */","    case 'node':","        local.testCase_buildApidoc_default = local.testCase_buildApidoc_default || function (","            options,","            onError","        ) {","        /*","         * this function will test buildApidoc's default handling-behavior-behavior","         */","            options = { modulePathList: module.paths };","            local.buildApidoc(options, onError);","        };","","        local.testCase_buildApp_default = local.testCase_buildApp_default || function (","            options,","            onError","        ) {","        /*","         * this function will test buildApp's default handling-behavior-behavior","         */","            local.testCase_buildReadme_default(options, local.onErrorThrow);","            local.testCase_buildLib_default(options, local.onErrorThrow);","            local.testCase_buildTest_default(options, local.onErrorThrow);","            local.testCase_buildCustomOrg_default(options, local.onErrorThrow);","            options = [];","            local.buildApp(options, onError);","        };","","        local.testCase_buildCustomOrg_default = local.testCase_buildCustomOrg_default ||","            function (options, onError) {","            /*","             * this function will test buildCustomOrg's default handling-behavior","             */","                options = {};","                local.buildCustomOrg(options, onError);","            };","","        local.testCase_buildLib_default = local.testCase_buildLib_default || function (","            options,","            onError","        ) {","        /*","         * this function will test buildLib's default handling-behavior","         */","            options = {};","            local.buildLib(options, onError);","        };","","        local.testCase_buildReadme_default = local.testCase_buildReadme_default || function (","            options,","            onError","        ) {","        /*","         * this function will test buildReadme's default handling-behavior-behavior","         */","            options = {};","            local.buildReadme(options, onError);","        };","","        local.testCase_buildTest_default = local.testCase_buildTest_default || function (","            options,","            onError","        ) {","        /*","         * this function will test buildTest's default handling-behavior","         */","            options = {};","            local.buildTest(options, onError);","        };","","        local.testCase_webpage_default = local.testCase_webpage_default || function (","            options,","            onError","        ) {","        /*","         * this function will test webpage's default handling-behavior","         */","            options = { modeCoverageMerge: true, url: local.serverLocalHost + '?modeTest=1' };","            local.browserTest(options, onError);","        };","","        // run test-server","        local.testRunServer(local);","        break;","    }","}());",""],"l":{"12":2,"14":2,"19":2,"21":2,"23":2,"24":2,"25":2,"30":1,"37":2,"40":2,"43":1,"47":1,"50":1,"52":1,"55":2,"61":2,"62":2,"64":2,"70":1,"76":1,"82":2,"83":2,"85":2,"91":1,"98":1,"102":1,"105":1,"112":1,"119":1,"120":1,"123":1,"130":1,"131":1,"132":1,"133":1,"134":1,"135":1,"138":1,"143":2,"144":2,"147":1,"154":2,"155":2,"158":1,"165":2,"166":2,"169":1,"176":2,"177":2,"180":1,"187":1,"188":1,"192":1,"193":1}},"/home/travis/build/npmtest/node-npmtest-vivagraphjs/lib.npmtest_vivagraphjs.js":{"path":"/home/travis/build/npmtest/node-npmtest-vivagraphjs/lib.npmtest_vivagraphjs.js","s":{"1":2,"2":2,"3":2,"4":2,"5":2,"6":2,"7":2,"8":1,"9":2,"10":2,"11":2,"12":2,"13":1,"14":1,"15":1,"16":1},"b":{"1":[2,1,1,1],"2":[1,1,1,1],"3":[1,1],"4":[2,2],"5":[1,1]},"f":{"1":2,"2":2,"3":2},"fnMap":{"1":{"name":"(anonymous_1)","line":12,"loc":{"start":{"line":12,"column":1},"end":{"line":12,"column":13}}},"2":{"name":"(anonymous_2)","line":19,"loc":{"start":{"line":19,"column":5},"end":{"line":19,"column":17}}},"3":{"name":"(anonymous_3)","line":23,"loc":{"start":{"line":23,"column":24},"end":{"line":23,"column":36}}}},"statementMap":{"1":{"start":{"line":12,"column":0},"end":{"line":53,"column":5}},"2":{"start":{"line":14,"column":4},"end":{"line":14,"column":14}},"3":{"start":{"line":19,"column":4},"end":{"line":52,"column":9}},"4":{"start":{"line":21,"column":8},"end":{"line":21,"column":19}},"5":{"start":{"line":23,"column":8},"end":{"line":35,"column":13}},"6":{"start":{"line":24,"column":12},"end":{"line":34,"column":13}},"7":{"start":{"line":25,"column":16},"end":{"line":28,"column":30}},"8":{"start":{"line":30,"column":16},"end":{"line":33,"column":27}},"9":{"start":{"line":37,"column":8},"end":{"line":39,"column":21}},"10":{"start":{"line":41,"column":8},"end":{"line":41,"column":54}},"11":{"start":{"line":43,"column":8},"end":{"line":43,"column":56}},"12":{"start":{"line":45,"column":8},"end":{"line":51,"column":9}},"13":{"start":{"line":46,"column":12},"end":{"line":46,"column":62}},"14":{"start":{"line":48,"column":12},"end":{"line":48,"column":35}},"15":{"start":{"line":49,"column":12},"end":{"line":49,"column":49}},"16":{"start":{"line":50,"column":12},"end":{"line":50,"column":43}}},"branchMap":{"1":{"line":25,"type":"binary-expr","locations":[{"start":{"line":25,"column":23},"end":{"line":25,"column":62}},{"start":{"line":26,"column":20},"end":{"line":26,"column":70}},{"start":{"line":27,"column":20},"end":{"line":27,"column":71}},{"start":{"line":28,"column":20},"end":{"line":28,"column":29}}]},"2":{"line":30,"type":"binary-expr","locations":[{"start":{"line":30,"column":23},"end":{"line":30,"column":37}},{"start":{"line":31,"column":20},"end":{"line":31,"column":61}},{"start":{"line":32,"column":20},"end":{"line":32,"column":70}},{"start":{"line":33,"column":20},"end":{"line":33,"column":26}}]},"3":{"line":37,"type":"cond-expr","locations":[{"start":{"line":38,"column":14},"end":{"line":38,"column":20}},{"start":{"line":39,"column":14},"end":{"line":39,"column":20}}]},"4":{"line":41,"type":"binary-expr","locations":[{"start":{"line":41,"column":16},"end":{"line":41,"column":44}},{"start":{"line":41,"column":48},"end":{"line":41,"column":53}}]},"5":{"line":45,"type":"if","locations":[{"start":{"line":45,"column":8},"end":{"line":45,"column":8}},{"start":{"line":45,"column":8},"end":{"line":45,"column":8}}]}},"code":["/* istanbul instrument in package npmtest_vivagraphjs */","/*jslint","    bitwise: true,","    browser: true,","    maxerr: 8,","    maxlen: 96,","    node: true,","    nomen: true,","    regexp: true,","    stupid: true","*/","(function () {","    'use strict';","    var local;","","","","    // run shared js-env code - pre-init","    (function () {","        // init local","        local = {};","        // init modeJs","        local.modeJs = (function () {","            try {","                return typeof navigator.userAgent === 'string' &&","                    typeof document.querySelector('body') === 'object' &&","                    typeof XMLHttpRequest.prototype.open === 'function' &&","                    'browser';","            } catch (errorCaughtBrowser) {","                return module.exports &&","                    typeof process.versions.node === 'string' &&","                    typeof require('http').createServer === 'function' &&","                    'node';","            }","        }());","        // init global","        local.global = local.modeJs === 'browser'","            ? window","            : global;","        // init utility2_rollup","        local = local.global.utility2_rollup || local;","        // init lib","        local.local = local.npmtest_vivagraphjs = local;","        // init exports","        if (local.modeJs === 'browser') {","            local.global.utility2_npmtest_vivagraphjs = local;","        } else {","            module.exports = local;","            module.exports.__dirname = __dirname;","            module.exports.module = module;","        }","    }());","}());",""],"l":{"12":2,"14":2,"19":2,"21":2,"23":2,"24":2,"25":2,"30":1,"37":2,"41":2,"43":2,"45":2,"46":1,"48":1,"49":1,"50":1}},"/home/travis/build/npmtest/node-npmtest-vivagraphjs/example.js":{"path":"/home/travis/build/npmtest/node-npmtest-vivagraphjs/example.js","s":{"1":2,"2":2,"3":2,"4":2,"5":2,"6":2,"7":2,"8":1,"9":2,"10":2,"11":2,"12":2,"13":1,"14":2,"15":2,"16":2,"17":2,"18":2,"19":0,"20":2,"21":1,"22":1,"23":1,"24":1,"25":1,"26":0,"27":0,"28":1,"29":1,"30":2,"31":0,"32":0,"33":0,"34":1,"35":2,"36":2,"37":3,"38":3,"39":3,"40":3,"41":0,"42":3,"43":3,"44":3,"45":1,"46":3,"47":1,"48":1,"49":1,"50":1,"51":1,"52":1,"53":1,"54":1,"55":1,"56":1,"57":0,"58":1,"59":6,"60":6,"61":1,"62":2,"63":0,"64":2,"65":1,"66":1,"67":0,"68":0,"69":0,"70":0,"71":0,"72":0,"73":0,"74":0,"75":0,"76":0,"77":0,"78":0,"79":0,"80":0,"81":0,"82":0,"83":0},"b":{"1":[2,1,1,1],"2":[1,1,1,1],"3":[1,1],"4":[2,2],"5":[1,1],"6":[1,1],"7":[2,0],"8":[2,1,1,1,1,1],"9":[0,2,0],"10":[1,1],"11":[2,1,1],"12":[1,0],"13":[0,2],"14":[2,0,0,0,0,0,0],"15":[0,3],"16":[3,0],"17":[1,1],"18":[0,1],"19":[1,2,0,2],"20":[1,0],"21":[1,1],"22":[0,0],"23":[0,0],"24":[0,0],"25":[0,0],"26":[0,0],"27":[0,0],"28":[0,0]},"f":{"1":2,"2":2,"3":2,"4":2,"5":2,"6":2,"7":3,"8":3,"9":3,"10":1,"11":6,"12":0},"fnMap":{"1":{"name":"(anonymous_1)","line":26,"loc":{"start":{"line":26,"column":1},"end":{"line":26,"column":13}}},"2":{"name":"(anonymous_2)","line":33,"loc":{"start":{"line":33,"column":5},"end":{"line":33,"column":17}}},"3":{"name":"(anonymous_3)","line":37,"loc":{"start":{"line":37,"column":24},"end":{"line":37,"column":36}}},"4":{"name":"(anonymous_4)","line":69,"loc":{"start":{"line":69,"column":31},"end":{"line":69,"column":48}},"skip":true},"5":{"name":"(anonymous_5)","line":78,"loc":{"start":{"line":78,"column":26},"end":{"line":78,"column":45}},"skip":true},"6":{"name":"(anonymous_6)","line":123,"loc":{"start":{"line":123,"column":33},"end":{"line":123,"column":48}},"skip":true},"7":{"name":"(anonymous_7)","line":125,"loc":{"start":{"line":125,"column":27},"end":{"line":125,"column":39}},"skip":true},"8":{"name":"(anonymous_8)","line":133,"loc":{"start":{"line":133,"column":59},"end":{"line":133,"column":74}},"skip":true},"9":{"name":"(anonymous_9)","line":143,"loc":{"start":{"line":143,"column":45},"end":{"line":143,"column":62}},"skip":true},"10":{"name":"(anonymous_10)","line":144,"loc":{"start":{"line":144,"column":73},"end":{"line":144,"column":92}},"skip":true},"11":{"name":"(anonymous_11)","line":272,"loc":{"start":{"line":272,"column":51},"end":{"line":272,"column":77}},"skip":true},"12":{"name":"(anonymous_12)","line":315,"loc":{"start":{"line":315,"column":32},"end":{"line":315,"column":61}},"skip":true}},"statementMap":{"1":{"start":{"line":26,"column":0},"end":{"line":326,"column":5}},"2":{"start":{"line":28,"column":4},"end":{"line":28,"column":14}},"3":{"start":{"line":33,"column":4},"end":{"line":60,"column":9}},"4":{"start":{"line":35,"column":8},"end":{"line":35,"column":19}},"5":{"start":{"line":37,"column":8},"end":{"line":49,"column":13}},"6":{"start":{"line":38,"column":12},"end":{"line":48,"column":13}},"7":{"start":{"line":39,"column":16},"end":{"line":42,"column":30}},"8":{"start":{"line":44,"column":16},"end":{"line":47,"column":27}},"9":{"start":{"line":51,"column":8},"end":{"line":53,"column":21}},"10":{"start":{"line":55,"column":8},"end":{"line":57,"column":45}},"11":{"start":{"line":59,"column":8},"end":{"line":59,"column":35}},"12":{"start":{"line":61,"column":4},"end":{"line":325,"column":5}},"13":{"start":{"line":69,"column":8},"end":{"line":121,"column":10},"skip":true},"14":{"start":{"line":70,"column":12},"end":{"line":88,"column":13},"skip":true},"15":{"start":{"line":76,"column":16},"end":{"line":87,"column":19},"skip":true},"16":{"start":{"line":79,"column":20},"end":{"line":86,"column":21},"skip":true},"17":{"start":{"line":82,"column":24},"end":{"line":82,"column":43},"skip":true},"18":{"start":{"line":83,"column":24},"end":{"line":83,"column":30},"skip":true},"19":{"start":{"line":85,"column":24},"end":{"line":85,"column":49},"skip":true},"20":{"start":{"line":89,"column":12},"end":{"line":107,"column":13},"skip":true},"21":{"start":{"line":92,"column":16},"end":{"line":102,"column":17},"skip":true},"22":{"start":{"line":93,"column":20},"end":{"line":93,"column":86},"skip":true},"23":{"start":{"line":94,"column":20},"end":{"line":95,"column":45},"skip":true},"24":{"start":{"line":96,"column":20},"end":{"line":96,"column":42},"skip":true},"25":{"start":{"line":97,"column":20},"end":{"line":97,"column":48},"skip":true},"26":{"start":{"line":100,"column":20},"end":{"line":100,"column":85},"skip":true},"27":{"start":{"line":101,"column":20},"end":{"line":101,"column":96},"skip":true},"28":{"start":{"line":103,"column":16},"end":{"line":103,"column":22},"skip":true},"29":{"start":{"line":106,"column":16},"end":{"line":106,"column":22},"skip":true},"30":{"start":{"line":108,"column":12},"end":{"line":120,"column":13},"skip":true},"31":{"start":{"line":114,"column":16},"end":{"line":119,"column":17},"skip":true},"32":{"start":{"line":116,"column":20},"end":{"line":116,"column":78},"skip":true},"33":{"start":{"line":118,"column":20},"end":{"line":118,"column":47},"skip":true},"34":{"start":{"line":123,"column":8},"end":{"line":141,"column":11},"skip":true},"35":{"start":{"line":124,"column":12},"end":{"line":124,"column":54},"skip":true},"36":{"start":{"line":125,"column":12},"end":{"line":140,"column":14},"skip":true},"37":{"start":{"line":126,"column":16},"end":{"line":126,"column":28},"skip":true},"38":{"start":{"line":127,"column":16},"end":{"line":127,"column":69},"skip":true},"39":{"start":{"line":128,"column":16},"end":{"line":128,"column":75},"skip":true},"40":{"start":{"line":129,"column":16},"end":{"line":131,"column":17},"skip":true},"41":{"start":{"line":130,"column":20},"end":{"line":130,"column":27},"skip":true},"42":{"start":{"line":133,"column":16},"end":{"line":137,"column":36},"skip":true},"43":{"start":{"line":134,"column":20},"end":{"line":136,"column":55},"skip":true},"44":{"start":{"line":139,"column":16},"end":{"line":139,"column":57},"skip":true},"45":{"start":{"line":143,"column":8},"end":{"line":147,"column":11},"skip":true},"46":{"start":{"line":144,"column":12},"end":{"line":146,"column":15},"skip":true},"47":{"start":{"line":145,"column":16},"end":{"line":145,"column":70},"skip":true},"48":{"start":{"line":149,"column":8},"end":{"line":149,"column":31},"skip":true},"49":{"start":{"line":150,"column":8},"end":{"line":150,"column":14},"skip":true},"50":{"start":{"line":158,"column":8},"end":{"line":158,"column":31},"skip":true},"51":{"start":{"line":160,"column":8},"end":{"line":160,"column":33},"skip":true},"52":{"start":{"line":161,"column":8},"end":{"line":161,"column":37},"skip":true},"53":{"start":{"line":162,"column":8},"end":{"line":162,"column":35},"skip":true},"54":{"start":{"line":164,"column":8},"end":{"line":164,"column":50},"skip":true},"55":{"start":{"line":166,"column":8},"end":{"line":256,"column":2},"skip":true},"56":{"start":{"line":258,"column":8},"end":{"line":286,"column":9},"skip":true},"57":{"start":{"line":259,"column":12},"end":{"line":269,"column":14},"skip":true},"58":{"start":{"line":271,"column":12},"end":{"line":285,"column":19},"skip":true},"59":{"start":{"line":274,"column":20},"end":{"line":274,"column":35},"skip":true},"60":{"start":{"line":275,"column":20},"end":{"line":284,"column":21},"skip":true},"61":{"start":{"line":277,"column":24},"end":{"line":277,"column":64},"skip":true},"62":{"start":{"line":279,"column":24},"end":{"line":279,"column":40},"skip":true},"63":{"start":{"line":281,"column":24},"end":{"line":281,"column":40},"skip":true},"64":{"start":{"line":283,"column":24},"end":{"line":283,"column":39},"skip":true},"65":{"start":{"line":288,"column":8},"end":{"line":290,"column":9},"skip":true},"66":{"start":{"line":289,"column":12},"end":{"line":289,"column":18},"skip":true},"67":{"start":{"line":291,"column":8},"end":{"line":293,"column":54},"skip":true},"68":{"start":{"line":296,"column":8},"end":{"line":301,"column":37},"skip":true},"69":{"start":{"line":303,"column":8},"end":{"line":303,"column":82},"skip":true},"70":{"start":{"line":306,"column":8},"end":{"line":308,"column":9},"skip":true},"71":{"start":{"line":307,"column":12},"end":{"line":307,"column":82},"skip":true},"72":{"start":{"line":310,"column":8},"end":{"line":312,"column":9},"skip":true},"73":{"start":{"line":311,"column":12},"end":{"line":311,"column":18},"skip":true},"74":{"start":{"line":313,"column":8},"end":{"line":313,"column":54},"skip":true},"75":{"start":{"line":314,"column":8},"end":{"line":314,"column":69},"skip":true},"76":{"start":{"line":315,"column":8},"end":{"line":323,"column":36},"skip":true},"77":{"start":{"line":316,"column":12},"end":{"line":316,"column":61},"skip":true},"78":{"start":{"line":317,"column":12},"end":{"line":320,"column":13},"skip":true},"79":{"start":{"line":318,"column":16},"end":{"line":318,"column":75},"skip":true},"80":{"start":{"line":319,"column":16},"end":{"line":319,"column":23},"skip":true},"81":{"start":{"line":321,"column":12},"end":{"line":321,"column":38},"skip":true},"82":{"start":{"line":322,"column":12},"end":{"line":322,"column":27},"skip":true},"83":{"start":{"line":324,"column":8},"end":{"line":324,"column":14},"skip":true}},"branchMap":{"1":{"line":39,"type":"binary-expr","locations":[{"start":{"line":39,"column":23},"end":{"line":39,"column":62}},{"start":{"line":40,"column":20},"end":{"line":40,"column":70}},{"start":{"line":41,"column":20},"end":{"line":41,"column":71}},{"start":{"line":42,"column":20},"end":{"line":42,"column":29}}]},"2":{"line":44,"type":"binary-expr","locations":[{"start":{"line":44,"column":23},"end":{"line":44,"column":37}},{"start":{"line":45,"column":20},"end":{"line":45,"column":61}},{"start":{"line":46,"column":20},"end":{"line":46,"column":70}},{"start":{"line":47,"column":20},"end":{"line":47,"column":26}}]},"3":{"line":51,"type":"cond-expr","locations":[{"start":{"line":52,"column":14},"end":{"line":52,"column":20}},{"start":{"line":53,"column":14},"end":{"line":53,"column":20}}]},"4":{"line":55,"type":"binary-expr","locations":[{"start":{"line":55,"column":16},"end":{"line":55,"column":44}},{"start":{"line":55,"column":49},"end":{"line":57,"column":43}}]},"5":{"line":55,"type":"cond-expr","locations":[{"start":{"line":56,"column":14},"end":{"line":56,"column":55}},{"start":{"line":57,"column":14},"end":{"line":57,"column":43}}]},"6":{"line":61,"type":"switch","locations":[{"start":{"line":68,"column":4},"end":{"line":150,"column":14},"skip":true},{"start":{"line":156,"column":4},"end":{"line":324,"column":14},"skip":true}]},"7":{"line":70,"type":"if","locations":[{"start":{"line":70,"column":12},"end":{"line":70,"column":12},"skip":true},{"start":{"line":70,"column":12},"end":{"line":70,"column":12},"skip":true}]},"8":{"line":70,"type":"binary-expr","locations":[{"start":{"line":70,"column":16},"end":{"line":70,"column":22},"skip":true},{"start":{"line":70,"column":27},"end":{"line":70,"column":32},"skip":true},{"start":{"line":71,"column":20},"end":{"line":71,"column":39},"skip":true},{"start":{"line":72,"column":20},"end":{"line":72,"column":49},"skip":true},{"start":{"line":73,"column":20},"end":{"line":73,"column":58},"skip":true},{"start":{"line":74,"column":20},"end":{"line":74,"column":69},"skip":true}]},"9":{"line":79,"type":"switch","locations":[{"start":{"line":80,"column":20},"end":{"line":80,"column":33},"skip":true},{"start":{"line":81,"column":20},"end":{"line":83,"column":30},"skip":true},{"start":{"line":84,"column":20},"end":{"line":85,"column":49},"skip":true}]},"10":{"line":89,"type":"switch","locations":[{"start":{"line":90,"column":12},"end":{"line":103,"column":22},"skip":true},{"start":{"line":105,"column":12},"end":{"line":106,"column":22},"skip":true}]},"11":{"line":89,"type":"binary-expr","locations":[{"start":{"line":89,"column":20},"end":{"line":89,"column":25},"skip":true},{"start":{"line":89,"column":29},"end":{"line":89,"column":48},"skip":true},{"start":{"line":89,"column":52},"end":{"line":89,"column":74},"skip":true}]},"12":{"line":92,"type":"if","locations":[{"start":{"line":92,"column":16},"end":{"line":92,"column":16},"skip":true},{"start":{"line":92,"column":16},"end":{"line":92,"column":16},"skip":true}]},"13":{"line":108,"type":"if","locations":[{"start":{"line":108,"column":12},"end":{"line":108,"column":12},"skip":true},{"start":{"line":108,"column":12},"end":{"line":108,"column":12},"skip":true}]},"14":{"line":108,"type":"binary-expr","locations":[{"start":{"line":108,"column":16},"end":{"line":108,"column":61},"skip":true},{"start":{"line":108,"column":66},"end":{"line":108,"column":72},"skip":true},{"start":{"line":108,"column":77},"end":{"line":108,"column":82},"skip":true},{"start":{"line":109,"column":20},"end":{"line":109,"column":39},"skip":true},{"start":{"line":110,"column":20},"end":{"line":110,"column":49},"skip":true},{"start":{"line":111,"column":20},"end":{"line":111,"column":58},"skip":true},{"start":{"line":112,"column":20},"end":{"line":112,"column":68},"skip":true}]},"15":{"line":129,"type":"if","locations":[{"start":{"line":129,"column":16},"end":{"line":129,"column":16},"skip":true},{"start":{"line":129,"column":16},"end":{"line":129,"column":16},"skip":true}]},"16":{"line":134,"type":"cond-expr","locations":[{"start":{"line":135,"column":26},"end":{"line":135,"column":29},"skip":true},{"start":{"line":136,"column":26},"end":{"line":136,"column":54},"skip":true}]},"17":{"line":164,"type":"binary-expr","locations":[{"start":{"line":164,"column":27},"end":{"line":164,"column":43},"skip":true},{"start":{"line":164,"column":47},"end":{"line":164,"column":49},"skip":true}]},"18":{"line":258,"type":"if","locations":[{"start":{"line":258,"column":8},"end":{"line":258,"column":8},"skip":true},{"start":{"line":258,"column":8},"end":{"line":258,"column":8},"skip":true}]},"19":{"line":275,"type":"switch","locations":[{"start":{"line":276,"column":20},"end":{"line":277,"column":64},"skip":true},{"start":{"line":278,"column":20},"end":{"line":279,"column":40},"skip":true},{"start":{"line":280,"column":20},"end":{"line":281,"column":40},"skip":true},{"start":{"line":282,"column":20},"end":{"line":283,"column":39},"skip":true}]},"20":{"line":288,"type":"if","locations":[{"start":{"line":288,"column":8},"end":{"line":288,"column":8},"skip":true},{"start":{"line":288,"column":8},"end":{"line":288,"column":8},"skip":true}]},"21":{"line":288,"type":"binary-expr","locations":[{"start":{"line":288,"column":12},"end":{"line":288,"column":40},"skip":true},{"start":{"line":288,"column":44},"end":{"line":288,"column":67},"skip":true}]},"22":{"line":292,"type":"binary-expr","locations":[{"start":{"line":292,"column":12},"end":{"line":292,"column":50},"skip":true},{"start":{"line":293,"column":12},"end":{"line":293,"column":53},"skip":true}]},"23":{"line":297,"type":"binary-expr","locations":[{"start":{"line":297,"column":12},"end":{"line":297,"column":69},"skip":true},{"start":{"line":298,"column":12},"end":{"line":301,"column":36},"skip":true}]},"24":{"line":303,"type":"binary-expr","locations":[{"start":{"line":303,"column":43},"end":{"line":303,"column":75},"skip":true},{"start":{"line":303,"column":79},"end":{"line":303,"column":81},"skip":true}]},"25":{"line":306,"type":"if","locations":[{"start":{"line":306,"column":8},"end":{"line":306,"column":8},"skip":true},{"start":{"line":306,"column":8},"end":{"line":306,"column":8},"skip":true}]},"26":{"line":310,"type":"if","locations":[{"start":{"line":310,"column":8},"end":{"line":310,"column":8},"skip":true},{"start":{"line":310,"column":8},"end":{"line":310,"column":8},"skip":true}]},"27":{"line":313,"type":"binary-expr","locations":[{"start":{"line":313,"column":27},"end":{"line":313,"column":43},"skip":true},{"start":{"line":313,"column":47},"end":{"line":313,"column":53},"skip":true}]},"28":{"line":317,"type":"if","locations":[{"start":{"line":317,"column":12},"end":{"line":317,"column":12},"skip":true},{"start":{"line":317,"column":12},"end":{"line":317,"column":12},"skip":true}]}},"code":["/*","example.js","","quickstart example","","instruction","    1. save this script as example.js","    2. run the shell command:","        $ npm install npmtest-vivagraphjs && PORT=8081 node example.js","    3. play with the browser-demo on http://127.0.0.1:8081","*/","","","","/* istanbul instrument in package npmtest_vivagraphjs */","/*jslint","    bitwise: true,","    browser: true,","    maxerr: 8,","    maxlen: 96,","    node: true,","    nomen: true,","    regexp: true,","    stupid: true","*/","(function () {","    'use strict';","    var local;","","","","    // run shared js-env code - pre-init","    (function () {","        // init local","        local = {};","        // init modeJs","        local.modeJs = (function () {","            try {","                return typeof navigator.userAgent === 'string' &&","                    typeof document.querySelector('body') === 'object' &&","                    typeof XMLHttpRequest.prototype.open === 'function' &&","                    'browser';","            } catch (errorCaughtBrowser) {","                return module.exports &&","                    typeof process.versions.node === 'string' &&","                    typeof require('http').createServer === 'function' &&","                    'node';","            }","        }());","        // init global","        local.global = local.modeJs === 'browser'","            ? window","            : global;","        // init utility2_rollup","        local = local.global.utility2_rollup || (local.modeJs === 'browser'","            ? local.global.utility2_npmtest_vivagraphjs","            : global.utility2_moduleExports);","        // export local","        local.global.local = local;","    }());","    switch (local.modeJs) {","","","","    // post-init","    // run browser js-env code - post-init","    /* istanbul ignore next */","    case 'browser':","        local.testRunBrowser = function (event) {","            if (!event || (event &&","                    event.currentTarget &&","                    event.currentTarget.className &&","                    event.currentTarget.className.includes &&","                    event.currentTarget.className.includes('onreset'))) {","                // reset output","                Array.from(","                    document.querySelectorAll('body > .resettable')","                ).forEach(function (element) {","                    switch (element.tagName) {","                    case 'INPUT':","                    case 'TEXTAREA':","                        element.value = '';","                        break;","                    default:","                        element.textContent = '';","                    }","                });","            }","            switch (event && event.currentTarget && event.currentTarget.id) {","            case 'testRunButton1':","                // show tests","                if (document.querySelector('#testReportDiv1').style.display === 'none') {","                    document.querySelector('#testReportDiv1').style.display = 'block';","                    document.querySelector('#testRunButton1').textContent =","                        'hide internal test';","                    local.modeTest = true;","                    local.testRunDefault(local);","                // hide tests","                } else {","                    document.querySelector('#testReportDiv1').style.display = 'none';","                    document.querySelector('#testRunButton1').textContent = 'run internal test';","                }","                break;","            // custom-case","            default:","                break;","            }","            if (document.querySelector('#inputTextareaEval1') && (!event || (event &&","                    event.currentTarget &&","                    event.currentTarget.className &&","                    event.currentTarget.className.includes &&","                    event.currentTarget.className.includes('oneval')))) {","                // try to eval input-code","                try {","                    /*jslint evil: true*/","                    eval(document.querySelector('#inputTextareaEval1').value);","                } catch (errorCaught) {","                    console.error(errorCaught);","                }","            }","        };","        // log stderr and stdout to #outputTextareaStdout1","        ['error', 'log'].forEach(function (key) {","            console[key + '_original'] = console[key];","            console[key] = function () {","                var element;","                console[key + '_original'].apply(console, arguments);","                element = document.querySelector('#outputTextareaStdout1');","                if (!element) {","                    return;","                }","                // append text to #outputTextareaStdout1","                element.value += Array.from(arguments).map(function (arg) {","                    return typeof arg === 'string'","                        ? arg","                        : JSON.stringify(arg, null, 4);","                }).join(' ') + '\\n';","                // scroll textarea to bottom","                element.scrollTop = element.scrollHeight;","            };","        });","        // init event-handling","        ['change', 'click', 'keyup'].forEach(function (event) {","            Array.from(document.querySelectorAll('.on' + event)).forEach(function (element) {","                element.addEventListener(event, local.testRunBrowser);","            });","        });","        // run tests","        local.testRunBrowser();","        break;","","","","    // run node js-env code - post-init","    /* istanbul ignore next */","    case 'node':","        // export local","        module.exports = local;","        // require modules","        local.fs = require('fs');","        local.http = require('http');","        local.url = require('url');","        // init assets","        local.assetsDict = local.assetsDict || {};","        /* jslint-ignore-begin */","        local.assetsDict['/assets.index.template.html'] = '\\","<!doctype html>\\n\\","<html lang=\"en\">\\n\\","<head>\\n\\","<meta charset=\"UTF-8\">\\n\\","<meta name=\"viewport\" content=\"width=device-width, initial-scale=1\">\\n\\","<title>{{env.npm_package_name}} (v{{env.npm_package_version}})</title>\\n\\","<style>\\n\\","/*csslint\\n\\","    box-sizing: false,\\n\\","    universal-selector: false\\n\\","*/\\n\\","* {\\n\\","    box-sizing: border-box;\\n\\","}\\n\\","body {\\n\\","    background: #dde;\\n\\","    font-family: Arial, Helvetica, sans-serif;\\n\\","    margin: 2rem;\\n\\","}\\n\\","body > * {\\n\\","    margin-bottom: 1rem;\\n\\","}\\n\\",".utility2FooterDiv {\\n\\","    margin-top: 20px;\\n\\","    text-align: center;\\n\\","}\\n\\","</style>\\n\\","<style>\\n\\","/*csslint\\n\\","*/\\n\\","textarea {\\n\\","    font-family: monospace;\\n\\","    height: 10rem;\\n\\","    width: 100%;\\n\\","}\\n\\","textarea[readonly] {\\n\\","    background: #ddd;\\n\\","}\\n\\","</style>\\n\\","</head>\\n\\","<body>\\n\\","<!-- utility2-comment\\n\\","<div id=\"ajaxProgressDiv1\" style=\"background: #d00; height: 2px; left: 0; margin: 0; padding: 0; position: fixed; top: 0; transition: background 0.5s, width 1.5s; width: 25%;\"></div>\\n\\","utility2-comment -->\\n\\","<h1>\\n\\","<!-- utility2-comment\\n\\","    <a\\n\\","        {{#if env.npm_package_homepage}}\\n\\","        href=\"{{env.npm_package_homepage}}\"\\n\\","        {{/if env.npm_package_homepage}}\\n\\","        target=\"_blank\"\\n\\","    >\\n\\","utility2-comment -->\\n\\","        {{env.npm_package_name}} (v{{env.npm_package_version}})\\n\\","<!-- utility2-comment\\n\\","    </a>\\n\\","utility2-comment -->\\n\\","</h1>\\n\\","<h3>{{env.npm_package_description}}</h3>\\n\\","<!-- utility2-comment\\n\\","<h4><a download href=\"assets.app.js\">download standalone app</a></h4>\\n\\","<button class=\"onclick onreset\" id=\"testRunButton1\">run internal test</button><br>\\n\\","<div id=\"testReportDiv1\" style=\"display: none;\"></div>\\n\\","utility2-comment -->\\n\\","\\n\\","\\n\\","\\n\\","<label>stderr and stdout</label>\\n\\","<textarea class=\"resettable\" id=\"outputTextareaStdout1\" readonly></textarea>\\n\\","<!-- utility2-comment\\n\\","{{#if isRollup}}\\n\\","<script src=\"assets.app.js\"></script>\\n\\","{{#unless isRollup}}\\n\\","utility2-comment -->\\n\\","<script src=\"assets.utility2.rollup.js\"></script>\\n\\","<script src=\"jsonp.utility2._stateInit?callback=window.utility2._stateInit\"></script>\\n\\","<script src=\"assets.npmtest_vivagraphjs.rollup.js\"></script>\\n\\","<script src=\"assets.example.js\"></script>\\n\\","<script src=\"assets.test.js\"></script>\\n\\","<!-- utility2-comment\\n\\","{{/if isRollup}}\\n\\","utility2-comment -->\\n\\","<div class=\"utility2FooterDiv\">\\n\\","    [ this app was created with\\n\\","    <a href=\"https://github.com/kaizhu256/node-utility2\" target=\"_blank\">utility2</a>\\n\\","    ]\\n\\","</div>\\n\\","</body>\\n\\","</html>\\n\\","';","        /* jslint-ignore-end */","        if (local.templateRender) {","            local.assetsDict['/'] = local.templateRender(","                local.assetsDict['/assets.index.template.html'],","                {","                    env: local.objectSetDefault(local.env, {","                        npm_package_description: 'the greatest app in the world!',","                        npm_package_name: 'my-app',","                        npm_package_nameAlias: 'my_app',","                        npm_package_version: '0.0.1'","                    })","                }","            );","        } else {","            local.assetsDict['/'] = local.assetsDict['/assets.index.template.html']","                .replace((/\\{\\{env\\.(\\w+?)\\}\\}/g), function (match0, match1) {","                    // jslint-hack","                    String(match0);","                    switch (match1) {","                    case 'npm_package_description':","                        return 'the greatest app in the world!';","                    case 'npm_package_name':","                        return 'my-app';","                    case 'npm_package_nameAlias':","                        return 'my_app';","                    case 'npm_package_version':","                        return '0.0.1';","                    }","                });","        }","        // run the cli","        if (local.global.utility2_rollup || module !== require.main) {","            break;","        }","        local.assetsDict['/assets.example.js'] =","            local.assetsDict['/assets.example.js'] ||","            local.fs.readFileSync(__filename, 'utf8');","        // bug-workaround - long $npm_package_buildCustomOrg","        /* jslint-ignore-begin */","        local.assetsDict['/assets.npmtest_vivagraphjs.rollup.js'] =","            local.assetsDict['/assets.npmtest_vivagraphjs.rollup.js'] ||","            local.fs.readFileSync(","                local.npmtest_vivagraphjs.__dirname + '/lib.npmtest_vivagraphjs.js',","                'utf8'","            ).replace((/^#!/), '//');","        /* jslint-ignore-end */","        local.assetsDict['/favicon.ico'] = local.assetsDict['/favicon.ico'] || '';","        // if $npm_config_timeout_exit exists,","        // then exit this process after $npm_config_timeout_exit ms","        if (Number(process.env.npm_config_timeout_exit)) {","            setTimeout(process.exit, Number(process.env.npm_config_timeout_exit));","        }","        // start server","        if (local.global.utility2_serverHttp1) {","            break;","        }","        process.env.PORT = process.env.PORT || '8081';","        console.error('server starting on port ' + process.env.PORT);","        local.http.createServer(function (request, response) {","            request.urlParsed = local.url.parse(request.url);","            if (local.assetsDict[request.urlParsed.pathname] !== undefined) {","                response.end(local.assetsDict[request.urlParsed.pathname]);","                return;","            }","            response.statusCode = 404;","            response.end();","        }).listen(process.env.PORT);","        break;","    }","}());",""],"l":{"26":2,"28":2,"33":2,"35":2,"37":2,"38":2,"39":2,"44":1,"51":2,"55":2,"59":2,"61":2,"69":1,"70":2,"76":2,"79":2,"82":2,"83":2,"85":1,"89":2,"92":1,"93":1,"94":1,"96":1,"97":1,"100":1,"101":1,"103":1,"106":1,"108":2,"114":1,"116":1,"118":1,"123":1,"124":2,"125":2,"126":3,"127":3,"128":3,"129":3,"130":1,"133":3,"134":3,"139":3,"143":1,"144":3,"145":1,"149":1,"150":1,"158":1,"160":1,"161":1,"162":1,"164":1,"166":1,"258":1,"259":1,"271":1,"274":6,"275":6,"277":1,"279":2,"281":1,"283":2,"288":1,"289":1,"291":1,"296":1,"303":1,"306":1,"307":1,"310":1,"311":1,"313":1,"314":1,"315":1,"316":1,"317":1,"318":1,"319":1,"321":1,"322":1,"324":1}},"/home/travis/build/npmtest/node-npmtest-vivagraphjs/node_modules/vivagraphjs/src/viva.js":{"path":"/home/travis/build/npmtest/node-npmtest-vivagraphjs/node_modules/vivagraphjs/src/viva.js","s":{"1":1,"2":1,"3":0,"4":0,"5":0,"6":1,"7":0,"8":0,"9":0,"10":0,"11":0,"12":0,"13":1},"b":{},"f":{"1":0,"2":0,"3":0,"4":0,"5":0,"6":0,"7":0,"8":0,"9":0},"fnMap":{"1":{"name":"(anonymous_1)","line":9,"loc":{"start":{"line":9,"column":14},"end":{"line":9,"column":25}}},"2":{"name":"(anonymous_2)","line":12,"loc":{"start":{"line":12,"column":18},"end":{"line":12,"column":29}}},"3":{"name":"(anonymous_3)","line":15,"loc":{"start":{"line":15,"column":10},"end":{"line":15,"column":21}}},"4":{"name":"(anonymous_4)","line":25,"loc":{"start":{"line":25,"column":14},"end":{"line":25,"column":25}}},"5":{"name":"(anonymous_5)","line":35,"loc":{"start":{"line":35,"column":8},"end":{"line":35,"column":19}}},"6":{"name":"(anonymous_6)","line":45,"loc":{"start":{"line":45,"column":13},"end":{"line":45,"column":24}}},"7":{"name":"(anonymous_7)","line":91,"loc":{"start":{"line":91,"column":17},"end":{"line":91,"column":28}}},"8":{"name":"(anonymous_8)","line":95,"loc":{"start":{"line":95,"column":20},"end":{"line":95,"column":31}}},"9":{"name":"(anonymous_9)","line":99,"loc":{"start":{"line":99,"column":15},"end":{"line":99,"column":26}}}},"statementMap":{"1":{"start":{"line":6,"column":0},"end":{"line":6,"column":38}},"2":{"start":{"line":8,"column":0},"end":{"line":19,"column":2}},"3":{"start":{"line":10,"column":4},"end":{"line":10,"column":58}},"4":{"start":{"line":13,"column":4},"end":{"line":13,"column":58}},"5":{"start":{"line":16,"column":4},"end":{"line":16,"column":50}},"6":{"start":{"line":21,"column":0},"end":{"line":110,"column":2}},"7":{"start":{"line":26,"column":4},"end":{"line":29,"column":6}},"8":{"start":{"line":36,"column":4},"end":{"line":39,"column":6}},"9":{"start":{"line":46,"column":4},"end":{"line":46,"column":40}},"10":{"start":{"line":92,"column":6},"end":{"line":92,"column":113}},"11":{"start":{"line":96,"column":6},"end":{"line":96,"column":116}},"12":{"start":{"line":100,"column":6},"end":{"line":100,"column":143}},"13":{"start":{"line":112,"column":0},"end":{"line":112,"column":22}}},"branchMap":{},"code":["/**"," * This is an entry point for global namespace. If you want to use separate"," * modules individually - you are more than welcome to do so."," */","","var random = require('ngraph.random');","","var Viva = {","  lazyExtend: function() {","    return require('ngraph.merge').apply(this, arguments);","  },","  randomIterator: function() {","    return random.randomIterator.apply(random, arguments);","  },","  random: function() {","    return random.random.apply(random, arguments);","  },","  events: require('ngraph.events')","};","","Viva.Graph = {","  version: require('./version.js'),","  graph: require('ngraph.graph'),","","  serializer: function() {","    return {","      loadFromJSON: require('ngraph.fromjson'),","      storeToJSON: require('ngraph.tojson')","    };","  },","","  centrality: require('./Algorithms/centrality.js'),","  operations: require('./Algorithms/operations.js'),","","  geom: function() {","    return {","      intersect: require('gintersect'),","      intersectRect: require('./Utils/intersectRect.js')","    };","  },","","  webgl: require('./WebGL/webgl.js'),","  webglInputEvents: require('./WebGL/webglInputEvents.js'),","","  generator: function() {","    return require('ngraph.generators');","  },","","  Input: {","    domInputManager: require('./Input/domInputManager.js'),","    webglInputManager: require('./Input/webglInputManager.js')","  },","","  Utils: {","    // TODO: move to Input","    dragndrop: require('./Input/dragndrop.js'),","    findElementPosition: require('./Utils/findElementPosition.js'),","    timer: require('./Utils/timer.js'),","    getDimension: require('./Utils/getDimensions.js'),","    events: require('./Utils/backwardCompatibleEvents.js')","  },","","  Layout: {","    forceDirected: require('ngraph.forcelayout'),","    constant: require('./Layout/constant.js')","  },","","  View: {","    // TODO: Move `webglXXX` out to webgl namespace","    Texture: require('./WebGL/texture.js'),","    // TODO: This should not be even exported","    webglAtlas: require('./WebGL/webglAtlas.js'),","    webglImageNodeProgram: require('./WebGL/webglImageNodeProgram.js'),","    webglLinkProgram: require('./WebGL/webglLinkProgram.js'),","    webglNodeProgram: require('./WebGL/webglNodeProgram.js'),","    webglLine: require('./WebGL/webglLine.js'),","    webglSquare: require('./WebGL/webglSquare.js'),","    webglImage: require('./WebGL/webglImage.js'),","    webglGraphics: require('./View/webglGraphics.js'),","    // TODO: Deprecate this:","    _webglUtil: {","      parseColor: require('./WebGL/parseColor.js')","    },","","    // TODO: move to svg namespace","    svgGraphics: require('./View/svgGraphics.js'),","","    renderer: require('./View/renderer.js'),","","    // deprecated","    cssGraphics: function() {","      throw new Error('cssGraphics is deprecated. Please use older version of vivagraph (< 0.7) if you need it');","    },","","    svgNodeFactory: function() {","      throw new Error('svgNodeFactory is deprecated. Please use older version of vivagraph (< 0.7) if you need it');","    },","","    community: function() {","      throw new Error('community is deprecated. Please use vivagraph < 0.7 if you need it, or `https://github.com/anvaka/ngraph.slpa` module');","    }","  },","","  Rect: require('./Utils/rect.js'),","","  svg: require('simplesvg'),","","  // TODO: should be camelCase","  BrowserInfo: require('./Utils/browserInfo.js')","};","","module.exports = Viva;",""],"l":{"6":1,"8":1,"10":0,"13":0,"16":0,"21":1,"26":0,"36":0,"46":0,"92":0,"96":0,"100":0,"112":1}},"/home/travis/build/npmtest/node-npmtest-vivagraphjs/node_modules/vivagraphjs/src/version.js":{"path":"/home/travis/build/npmtest/node-npmtest-vivagraphjs/node_modules/vivagraphjs/src/version.js","s":{"1":1},"b":{},"f":{},"fnMap":{},"statementMap":{"1":{"start":{"line":2,"column":0},"end":{"line":2,"column":25}}},"branchMap":{},"code":["// todo: this should be generated at build time.","module.exports = '0.8.1';",""],"l":{"2":1}},"/home/travis/build/npmtest/node-npmtest-vivagraphjs/node_modules/vivagraphjs/src/Algorithms/centrality.js":{"path":"/home/travis/build/npmtest/node-npmtest-vivagraphjs/node_modules/vivagraphjs/src/Algorithms/centrality.js","s":{"1":1,"2":1,"3":1,"4":0,"5":1,"6":0,"7":0,"8":1,"9":0,"10":0,"11":1,"12":0,"13":1,"14":0,"15":1,"16":0},"b":{},"f":{"1":0,"2":0,"3":0,"4":0,"5":0,"6":0},"fnMap":{"1":{"name":"centralityWrapper","line":5,"loc":{"start":{"line":5,"column":0},"end":{"line":5,"column":29}}},"2":{"name":"betweennessCentrality","line":13,"loc":{"start":{"line":13,"column":0},"end":{"line":13,"column":34}}},"3":{"name":"degreeCentrality","line":18,"loc":{"start":{"line":18,"column":0},"end":{"line":18,"column":35}}},"4":{"name":"toVivaGraphCentralityFormat","line":23,"loc":{"start":{"line":23,"column":0},"end":{"line":23,"column":49}}},"5":{"name":"byValue","line":26,"loc":{"start":{"line":26,"column":2},"end":{"line":26,"column":25}}},"6":{"name":"toKeyValue","line":30,"loc":{"start":{"line":30,"column":2},"end":{"line":30,"column":27}}}},"statementMap":{"1":{"start":{"line":1,"column":0},"end":{"line":1,"column":46}},"2":{"start":{"line":3,"column":0},"end":{"line":3,"column":35}},"3":{"start":{"line":5,"column":0},"end":{"line":11,"column":1}},"4":{"start":{"line":7,"column":2},"end":{"line":10,"column":4}},"5":{"start":{"line":13,"column":0},"end":{"line":16,"column":1}},"6":{"start":{"line":14,"column":2},"end":{"line":14,"column":46}},"7":{"start":{"line":15,"column":2},"end":{"line":15,"column":50}},"8":{"start":{"line":18,"column":0},"end":{"line":21,"column":1}},"9":{"start":{"line":19,"column":2},"end":{"line":19,"column":42}},"10":{"start":{"line":20,"column":2},"end":{"line":20,"column":45}},"11":{"start":{"line":23,"column":0},"end":{"line":36,"column":1}},"12":{"start":{"line":24,"column":2},"end":{"line":24,"column":63}},"13":{"start":{"line":26,"column":2},"end":{"line":28,"column":3}},"14":{"start":{"line":27,"column":4},"end":{"line":27,"column":41}},"15":{"start":{"line":30,"column":2},"end":{"line":35,"column":3}},"16":{"start":{"line":31,"column":4},"end":{"line":34,"column":6}}},"branchMap":{},"code":["var centrality = require('ngraph.centrality');","","module.exports = centralityWrapper;","","function centralityWrapper() {","  // TODO: This should not be a function","  return {","    betweennessCentrality: betweennessCentrality,","    degreeCentrality: degreeCentrality","  };","}","","function betweennessCentrality(g) {","  var betweenness = centrality.betweenness(g);","  return toVivaGraphCentralityFormat(betweenness);","}","","function degreeCentrality(g, kind) {","  var degree = centrality.degree(g, kind);","  return toVivaGraphCentralityFormat(degree);","}","","function toVivaGraphCentralityFormat(centrality) {","  return Object.keys(centrality).sort(byValue).map(toKeyValue);","","  function byValue(x, y) {","    return centrality[y] - centrality[x];","  }","","  function toKeyValue(key) {","    return {","      key: key,","      value: centrality[key]","    };","  }","}",""],"l":{"1":1,"3":1,"5":1,"7":0,"13":1,"14":0,"15":0,"18":1,"19":0,"20":0,"23":1,"24":0,"26":1,"27":0,"30":1,"31":0}},"/home/travis/build/npmtest/node-npmtest-vivagraphjs/node_modules/vivagraphjs/src/Algorithms/operations.js":{"path":"/home/travis/build/npmtest/node-npmtest-vivagraphjs/node_modules/vivagraphjs/src/Algorithms/operations.js","s":{"1":1,"2":1,"3":0,"4":0,"5":0,"6":0,"7":0,"8":0,"9":0},"b":{"1":[0,0],"2":[0,0]},"f":{"1":0,"2":0},"fnMap":{"1":{"name":"operations","line":8,"loc":{"start":{"line":8,"column":0},"end":{"line":8,"column":22}}},"2":{"name":"(anonymous_2)","line":21,"loc":{"start":{"line":21,"column":18},"end":{"line":21,"column":44}}}},"statementMap":{"1":{"start":{"line":6,"column":0},"end":{"line":6,"column":28}},"2":{"start":{"line":8,"column":0},"end":{"line":33,"column":1}},"3":{"start":{"line":10,"column":4},"end":{"line":32,"column":6}},"4":{"start":{"line":22,"column":12},"end":{"line":22,"column":46}},"5":{"start":{"line":23,"column":12},"end":{"line":25,"column":13}},"6":{"start":{"line":24,"column":16},"end":{"line":24,"column":27}},"7":{"start":{"line":26,"column":12},"end":{"line":30,"column":13}},"8":{"start":{"line":27,"column":16},"end":{"line":27,"column":69}},"9":{"start":{"line":29,"column":16},"end":{"line":29,"column":73}}},"branchMap":{"1":{"line":23,"type":"if","locations":[{"start":{"line":23,"column":12},"end":{"line":23,"column":12}},{"start":{"line":23,"column":12},"end":{"line":23,"column":12}}]},"2":{"line":26,"type":"if","locations":[{"start":{"line":26,"column":12},"end":{"line":26,"column":12}},{"start":{"line":26,"column":12},"end":{"line":26,"column":12}}]}},"code":["/**"," * @fileOverview Contains collection of primitive operations under graph."," *"," * @author Andrei Kashcha (aka anvaka) / https://github.com/anvaka"," */","module.exports = operations;","","function operations() {","","    return {","        /**","         * Gets graph density, which is a ratio of actual number of edges to maximum","         * number of edges. I.e. graph density 1 means all nodes are connected with each other with an edge.","         * Density 0 - graph has no edges. Runtime: O(1)","         * ","         * @param graph represents oriented graph structure.","         * @param directed (optional boolean) represents if the graph should be treated as a directed graph.","         * ","         * @returns density of the graph if graph has nodes. NaN otherwise. Returns density for undirected graph by default but returns density for directed graph if a boolean 'true' is passed along with the graph.","         */","        density : function (graph,directed) {","            var nodes = graph.getNodesCount();","            if (nodes === 0) {","                return NaN;","            }","            if(directed){","                return graph.getLinksCount() / (nodes * (nodes - 1));","            } else {","                return 2 * graph.getLinksCount() / (nodes * (nodes - 1));","            }","        }","    };","};",""],"l":{"6":1,"8":1,"10":0,"22":0,"23":0,"24":0,"26":0,"27":0,"29":0}},"/home/travis/build/npmtest/node-npmtest-vivagraphjs/node_modules/vivagraphjs/src/WebGL/webgl.js":{"path":"/home/travis/build/npmtest/node-npmtest-vivagraphjs/node_modules/vivagraphjs/src/WebGL/webgl.js","s":{"1":1,"2":1,"3":0,"4":1,"5":0,"6":0,"7":0,"8":0,"9":0,"10":0,"11":0,"12":0,"13":1,"14":0,"15":0,"16":0,"17":0,"18":0,"19":0,"20":0,"21":0,"22":0,"23":0,"24":0,"25":1,"26":0,"27":0,"28":0,"29":0,"30":0,"31":1,"32":0,"33":0,"34":0,"35":0,"36":0,"37":0,"38":0,"39":0,"40":0,"41":0,"42":0,"43":0,"44":0,"45":0,"46":0,"47":0,"48":1,"49":0,"50":0,"51":1,"52":0,"53":0,"54":0,"55":0},"b":{"1":[0,0],"2":[0,0],"3":[0,0],"4":[0,0],"5":[0,0],"6":[0,0],"7":[0,0],"8":[0,0],"9":[0,0]},"f":{"1":0,"2":0,"3":0,"4":0,"5":0,"6":0,"7":0},"fnMap":{"1":{"name":"webgl","line":9,"loc":{"start":{"line":9,"column":0},"end":{"line":9,"column":19}}},"2":{"name":"createShader","line":20,"loc":{"start":{"line":20,"column":2},"end":{"line":20,"column":42}}},"3":{"name":"createProgram","line":34,"loc":{"start":{"line":34,"column":2},"end":{"line":34,"column":61}}},"4":{"name":"extendArray","line":52,"loc":{"start":{"line":52,"column":2},"end":{"line":52,"column":63}}},"5":{"name":"getLocations","line":65,"loc":{"start":{"line":65,"column":2},"end":{"line":65,"column":58}}},"6":{"name":"copyArrayPart","line":93,"loc":{"start":{"line":93,"column":0},"end":{"line":93,"column":55}}},"7":{"name":"swapArrayPart","line":99,"loc":{"start":{"line":99,"column":0},"end":{"line":99,"column":55}}}},"statementMap":{"1":{"start":{"line":7,"column":0},"end":{"line":7,"column":23}},"2":{"start":{"line":9,"column":0},"end":{"line":91,"column":1}},"3":{"start":{"line":11,"column":2},"end":{"line":18,"column":4}},"4":{"start":{"line":20,"column":2},"end":{"line":32,"column":3}},"5":{"start":{"line":21,"column":4},"end":{"line":21,"column":39}},"6":{"start":{"line":22,"column":4},"end":{"line":22,"column":40}},"7":{"start":{"line":23,"column":4},"end":{"line":23,"column":29}},"8":{"start":{"line":25,"column":4},"end":{"line":29,"column":5}},"9":{"start":{"line":26,"column":6},"end":{"line":26,"column":44}},"10":{"start":{"line":27,"column":6},"end":{"line":27,"column":24}},"11":{"start":{"line":28,"column":6},"end":{"line":28,"column":16}},"12":{"start":{"line":31,"column":4},"end":{"line":31,"column":18}},"13":{"start":{"line":34,"column":2},"end":{"line":50,"column":3}},"14":{"start":{"line":35,"column":4},"end":{"line":35,"column":37}},"15":{"start":{"line":36,"column":4},"end":{"line":36,"column":61}},"16":{"start":{"line":37,"column":4},"end":{"line":37,"column":65}},"17":{"start":{"line":39,"column":4},"end":{"line":39,"column":33}},"18":{"start":{"line":40,"column":4},"end":{"line":40,"column":33}},"19":{"start":{"line":41,"column":4},"end":{"line":41,"column":28}},"20":{"start":{"line":43,"column":4},"end":{"line":47,"column":5}},"21":{"start":{"line":44,"column":6},"end":{"line":44,"column":45}},"22":{"start":{"line":45,"column":6},"end":{"line":45,"column":24}},"23":{"start":{"line":46,"column":6},"end":{"line":46,"column":16}},"24":{"start":{"line":49,"column":4},"end":{"line":49,"column":19}},"25":{"start":{"line":52,"column":2},"end":{"line":63,"column":3}},"26":{"start":{"line":53,"column":4},"end":{"line":60,"column":5}},"27":{"start":{"line":56,"column":6},"end":{"line":56,"column":80}},"28":{"start":{"line":57,"column":6},"end":{"line":57,"column":32}},"29":{"start":{"line":59,"column":6},"end":{"line":59,"column":27}},"30":{"start":{"line":62,"column":4},"end":{"line":62,"column":18}},"31":{"start":{"line":65,"column":2},"end":{"line":90,"column":3}},"32":{"start":{"line":66,"column":4},"end":{"line":66,"column":28}},"33":{"start":{"line":67,"column":4},"end":{"line":87,"column":5}},"34":{"start":{"line":68,"column":6},"end":{"line":68,"column":44}},"35":{"start":{"line":69,"column":6},"end":{"line":69,"column":24}},"36":{"start":{"line":70,"column":6},"end":{"line":86,"column":7}},"37":{"start":{"line":71,"column":8},"end":{"line":71,"column":55}},"38":{"start":{"line":72,"column":8},"end":{"line":74,"column":9}},"39":{"start":{"line":73,"column":10},"end":{"line":73,"column":78}},"40":{"start":{"line":76,"column":8},"end":{"line":76,"column":49}},"41":{"start":{"line":77,"column":13},"end":{"line":86,"column":7}},"42":{"start":{"line":78,"column":8},"end":{"line":78,"column":56}},"43":{"start":{"line":79,"column":8},"end":{"line":81,"column":9}},"44":{"start":{"line":80,"column":10},"end":{"line":80,"column":76}},"45":{"start":{"line":83,"column":8},"end":{"line":83,"column":49}},"46":{"start":{"line":85,"column":8},"end":{"line":85,"column":129}},"47":{"start":{"line":89,"column":4},"end":{"line":89,"column":26}},"48":{"start":{"line":93,"column":0},"end":{"line":97,"column":1}},"49":{"start":{"line":94,"column":2},"end":{"line":96,"column":3}},"50":{"start":{"line":95,"column":4},"end":{"line":95,"column":36}},"51":{"start":{"line":99,"column":0},"end":{"line":105,"column":1}},"52":{"start":{"line":100,"column":2},"end":{"line":104,"column":3}},"53":{"start":{"line":101,"column":4},"end":{"line":101,"column":30}},"54":{"start":{"line":102,"column":4},"end":{"line":102,"column":36}},"55":{"start":{"line":103,"column":4},"end":{"line":103,"column":24}}},"branchMap":{"1":{"line":25,"type":"if","locations":[{"start":{"line":25,"column":4},"end":{"line":25,"column":4}},{"start":{"line":25,"column":4},"end":{"line":25,"column":4}}]},"2":{"line":43,"type":"if","locations":[{"start":{"line":43,"column":4},"end":{"line":43,"column":4}},{"start":{"line":43,"column":4},"end":{"line":43,"column":4}}]},"3":{"line":53,"type":"if","locations":[{"start":{"line":53,"column":4},"end":{"line":53,"column":4}},{"start":{"line":53,"column":4},"end":{"line":53,"column":4}}]},"4":{"line":70,"type":"if","locations":[{"start":{"line":70,"column":6},"end":{"line":70,"column":6}},{"start":{"line":70,"column":6},"end":{"line":70,"column":6}}]},"5":{"line":70,"type":"binary-expr","locations":[{"start":{"line":70,"column":10},"end":{"line":70,"column":25}},{"start":{"line":70,"column":29},"end":{"line":70,"column":44}}]},"6":{"line":72,"type":"if","locations":[{"start":{"line":72,"column":8},"end":{"line":72,"column":8}},{"start":{"line":72,"column":8},"end":{"line":72,"column":8}}]},"7":{"line":77,"type":"if","locations":[{"start":{"line":77,"column":13},"end":{"line":77,"column":13}},{"start":{"line":77,"column":13},"end":{"line":77,"column":13}}]},"8":{"line":77,"type":"binary-expr","locations":[{"start":{"line":77,"column":17},"end":{"line":77,"column":32}},{"start":{"line":77,"column":36},"end":{"line":77,"column":51}}]},"9":{"line":79,"type":"if","locations":[{"start":{"line":79,"column":8},"end":{"line":79,"column":8}},{"start":{"line":79,"column":8},"end":{"line":79,"column":8}}]}},"code":["/**"," * @fileOverview Utility functions for webgl rendering."," *"," * @author Andrei Kashcha (aka anvaka) / http://anvaka.blogspot.com"," */","","module.exports = webgl;","","function webgl(gl) {","","  return {","    createProgram: createProgram,","    extendArray: extendArray,","    copyArrayPart: copyArrayPart,","    swapArrayPart: swapArrayPart,","    getLocations: getLocations,","    context: gl","  };","","  function createShader(shaderText, type) {","    var shader = gl.createShader(type);","    gl.shaderSource(shader, shaderText);","    gl.compileShader(shader);","","    if (!gl.getShaderParameter(shader, gl.COMPILE_STATUS)) {","      var msg = gl.getShaderInfoLog(shader);","      window.alert(msg);","      throw msg;","    }","","    return shader;","  }","","  function createProgram(vertexShaderSrc, fragmentShaderSrc) {","    var program = gl.createProgram();","    var vs = createShader(vertexShaderSrc, gl.VERTEX_SHADER);","    var fs = createShader(fragmentShaderSrc, gl.FRAGMENT_SHADER);","","    gl.attachShader(program, vs);","    gl.attachShader(program, fs);","    gl.linkProgram(program);","","    if (!gl.getProgramParameter(program, gl.LINK_STATUS)) {","      var msg = gl.getShaderInfoLog(program);","      window.alert(msg);","      throw msg;","    }","","    return program;","  }","","  function extendArray(buffer, itemsInBuffer, elementsPerItem) {","    if ((itemsInBuffer + 1) * elementsPerItem > buffer.length) {","      // Every time we run out of space create new array twice bigger.","      // TODO: it seems buffer size is limited. Consider using multiple arrays for huge graphs","      var extendedArray = new Float32Array(buffer.length * elementsPerItem * 2);","      extendedArray.set(buffer);","","      return extendedArray;","    }","","    return buffer;","  }","","  function getLocations(program, uniformOrAttributeNames) {","    var foundLocations = {};","    for (var i = 0; i < uniformOrAttributeNames.length; ++i) {","      var name = uniformOrAttributeNames[i];","      var location = -1;","      if (name[0] === 'a' && name[1] === '_') {","        location = gl.getAttribLocation(program, name);","        if (location === -1) {","          throw new Error(\"Program doesn't have required attribute: \" + name);","        }","","        foundLocations[name.slice(2)] = location;","      } else if (name[0] === 'u' && name[1] === '_') {","        location = gl.getUniformLocation(program, name);","        if (location === null) {","          throw new Error(\"Program doesn't have required uniform: \" + name);","        }","","        foundLocations[name.slice(2)] = location;","      } else {","        throw new Error(\"Couldn't figure out your intent. All uniforms should start with 'u_' prefix, and attributes with 'a_'\");","      }","    }","","    return foundLocations;","  }","}","","function copyArrayPart(array, to, from, elementsCount) {","  for (var i = 0; i < elementsCount; ++i) {","    array[to + i] = array[from + i];","  }","}","","function swapArrayPart(array, from, to, elementsCount) {","  for (var i = 0; i < elementsCount; ++i) {","    var tmp = array[from + i];","    array[from + i] = array[to + i];","    array[to + i] = tmp;","  }","}",""],"l":{"7":1,"9":1,"11":0,"20":1,"21":0,"22":0,"23":0,"25":0,"26":0,"27":0,"28":0,"31":0,"34":1,"35":0,"36":0,"37":0,"39":0,"40":0,"41":0,"43":0,"44":0,"45":0,"46":0,"49":0,"52":1,"53":0,"56":0,"57":0,"59":0,"62":0,"65":1,"66":0,"67":0,"68":0,"69":0,"70":0,"71":0,"72":0,"73":0,"76":0,"77":0,"78":0,"79":0,"80":0,"83":0,"85":0,"89":0,"93":1,"94":0,"95":0,"99":1,"100":0,"101":0,"102":0,"103":0}},"/home/travis/build/npmtest/node-npmtest-vivagraphjs/node_modules/vivagraphjs/src/WebGL/webglInputEvents.js":{"path":"/home/travis/build/npmtest/node-npmtest-vivagraphjs/node_modules/vivagraphjs/src/WebGL/webglInputEvents.js","s":{"1":1,"2":1,"3":1,"4":0,"5":0,"6":0,"7":0,"8":0,"9":0,"10":0,"11":0,"12":1,"13":0,"14":1,"15":0,"16":1,"17":0,"18":0,"19":0,"20":1,"21":0,"22":0,"23":0,"24":1,"25":0,"26":0,"27":0,"28":1,"29":0,"30":0,"31":0,"32":1,"33":0,"34":0,"35":0,"36":1,"37":0,"38":0,"39":0,"40":1,"41":0,"42":0,"43":0,"44":1,"45":0,"46":0,"47":0,"48":0,"49":1,"50":0,"51":1,"52":0,"53":0,"54":0,"55":1,"56":0,"57":0,"58":1,"59":0,"60":0,"61":0,"62":0,"63":0,"64":1,"65":0,"66":0,"67":0,"68":0,"69":0,"70":0,"71":0,"72":0,"73":0,"74":0,"75":0,"76":0,"77":0,"78":0,"79":0,"80":0,"81":0,"82":0,"83":0,"84":0,"85":0,"86":0,"87":0,"88":0,"89":0,"90":0,"91":0,"92":0,"93":0,"94":0,"95":0,"96":0,"97":0,"98":0,"99":0,"100":0,"101":0,"102":0,"103":0,"104":0,"105":0,"106":0,"107":0,"108":0,"109":0,"110":0,"111":0,"112":0,"113":0,"114":0,"115":0,"116":0,"117":0,"118":0,"119":0,"120":0,"121":0,"122":0},"b":{"1":[0,0],"2":[0,0],"3":[0,0],"4":[0,0],"5":[0,0],"6":[0,0],"7":[0,0],"8":[0,0],"9":[0,0],"10":[0,0],"11":[0,0,0,0],"12":[0,0],"13":[0,0],"14":[0,0],"15":[0,0],"16":[0,0],"17":[0,0],"18":[0,0],"19":[0,0],"20":[0,0],"21":[0,0],"22":[0,0],"23":[0,0],"24":[0,0],"25":[0,0],"26":[0,0],"27":[0,0],"28":[0,0],"29":[0,0]},"f":{"1":0,"2":0,"3":0,"4":0,"5":0,"6":0,"7":0,"8":0,"9":0,"10":0,"11":0,"12":0,"13":0,"14":0,"15":0,"16":0,"17":0,"18":0,"19":0,"20":0,"21":0,"22":0},"fnMap":{"1":{"name":"webglInputEvents","line":10,"loc":{"start":{"line":10,"column":0},"end":{"line":10,"column":41}}},"2":{"name":"releaseMouseCapture","line":47,"loc":{"start":{"line":47,"column":2},"end":{"line":47,"column":33}}},"3":{"name":"mouseCapture","line":51,"loc":{"start":{"line":51,"column":2},"end":{"line":51,"column":30}}},"4":{"name":"dblClick","line":55,"loc":{"start":{"line":55,"column":2},"end":{"line":55,"column":30}}},"5":{"name":"click","line":62,"loc":{"start":{"line":62,"column":2},"end":{"line":62,"column":27}}},"6":{"name":"mouseMove","line":69,"loc":{"start":{"line":69,"column":2},"end":{"line":69,"column":31}}},"7":{"name":"mouseUp","line":76,"loc":{"start":{"line":76,"column":2},"end":{"line":76,"column":29}}},"8":{"name":"mouseDown","line":83,"loc":{"start":{"line":83,"column":2},"end":{"line":83,"column":31}}},"9":{"name":"mouseLeave","line":90,"loc":{"start":{"line":90,"column":2},"end":{"line":90,"column":32}}},"10":{"name":"mouseEnter","line":97,"loc":{"start":{"line":97,"column":2},"end":{"line":97,"column":32}}},"11":{"name":"preciseCheck","line":104,"loc":{"start":{"line":104,"column":2},"end":{"line":104,"column":38}}},"12":{"name":"getNodeAtClientPos","line":116,"loc":{"start":{"line":116,"column":2},"end":{"line":116,"column":35}}},"13":{"name":"stopPropagation","line":120,"loc":{"start":{"line":120,"column":2},"end":{"line":120,"column":30}}},"14":{"name":"handleDisabledEvent","line":128,"loc":{"start":{"line":128,"column":2},"end":{"line":128,"column":34}}},"15":{"name":"invoke","line":133,"loc":{"start":{"line":133,"column":2},"end":{"line":133,"column":40}}},"16":{"name":"startListen","line":143,"loc":{"start":{"line":143,"column":2},"end":{"line":143,"column":29}}},"17":{"name":"(anonymous_17)","line":152,"loc":{"start":{"line":152,"column":24},"end":{"line":152,"column":36}}},"18":{"name":"(anonymous_18)","line":158,"loc":{"start":{"line":158,"column":22},"end":{"line":158,"column":33}}},"19":{"name":"(anonymous_19)","line":163,"loc":{"start":{"line":163,"column":24},"end":{"line":163,"column":35}}},"20":{"name":"(anonymous_20)","line":172,"loc":{"start":{"line":172,"column":6},"end":{"line":172,"column":18}}},"21":{"name":"(anonymous_21)","line":204,"loc":{"start":{"line":204,"column":6},"end":{"line":204,"column":18}}},"22":{"name":"(anonymous_22)","line":232,"loc":{"start":{"line":232,"column":6},"end":{"line":232,"column":18}}}},"statementMap":{"1":{"start":{"line":1,"column":0},"end":{"line":1,"column":59}},"2":{"start":{"line":3,"column":0},"end":{"line":3,"column":34}},"3":{"start":{"line":10,"column":0},"end":{"line":258,"column":1}},"4":{"start":{"line":11,"column":2},"end":{"line":14,"column":3}},"5":{"start":{"line":13,"column":4},"end":{"line":13,"column":42}},"6":{"start":{"line":16,"column":2},"end":{"line":25,"column":14}},"7":{"start":{"line":27,"column":2},"end":{"line":27,"column":45}},"8":{"start":{"line":28,"column":2},"end":{"line":28,"column":20}},"9":{"start":{"line":30,"column":2},"end":{"line":40,"column":4}},"10":{"start":{"line":43,"column":2},"end":{"line":43,"column":39}},"11":{"start":{"line":45,"column":2},"end":{"line":45,"column":13}},"12":{"start":{"line":47,"column":2},"end":{"line":49,"column":3}},"13":{"start":{"line":48,"column":4},"end":{"line":48,"column":29}},"14":{"start":{"line":51,"column":2},"end":{"line":53,"column":3}},"15":{"start":{"line":52,"column":4},"end":{"line":52,"column":29}},"16":{"start":{"line":55,"column":2},"end":{"line":60,"column":3}},"17":{"start":{"line":56,"column":4},"end":{"line":58,"column":5}},"18":{"start":{"line":57,"column":6},"end":{"line":57,"column":38}},"19":{"start":{"line":59,"column":4},"end":{"line":59,"column":15}},"20":{"start":{"line":62,"column":2},"end":{"line":67,"column":3}},"21":{"start":{"line":63,"column":4},"end":{"line":65,"column":5}},"22":{"start":{"line":64,"column":6},"end":{"line":64,"column":35}},"23":{"start":{"line":66,"column":4},"end":{"line":66,"column":15}},"24":{"start":{"line":69,"column":2},"end":{"line":74,"column":3}},"25":{"start":{"line":70,"column":4},"end":{"line":72,"column":5}},"26":{"start":{"line":71,"column":6},"end":{"line":71,"column":39}},"27":{"start":{"line":73,"column":4},"end":{"line":73,"column":15}},"28":{"start":{"line":76,"column":2},"end":{"line":81,"column":3}},"29":{"start":{"line":77,"column":4},"end":{"line":79,"column":5}},"30":{"start":{"line":78,"column":6},"end":{"line":78,"column":37}},"31":{"start":{"line":80,"column":4},"end":{"line":80,"column":15}},"32":{"start":{"line":83,"column":2},"end":{"line":88,"column":3}},"33":{"start":{"line":84,"column":4},"end":{"line":86,"column":5}},"34":{"start":{"line":85,"column":6},"end":{"line":85,"column":39}},"35":{"start":{"line":87,"column":4},"end":{"line":87,"column":15}},"36":{"start":{"line":90,"column":2},"end":{"line":95,"column":3}},"37":{"start":{"line":91,"column":4},"end":{"line":93,"column":5}},"38":{"start":{"line":92,"column":6},"end":{"line":92,"column":40}},"39":{"start":{"line":94,"column":4},"end":{"line":94,"column":15}},"40":{"start":{"line":97,"column":2},"end":{"line":102,"column":3}},"41":{"start":{"line":98,"column":4},"end":{"line":100,"column":5}},"42":{"start":{"line":99,"column":6},"end":{"line":99,"column":40}},"43":{"start":{"line":101,"column":4},"end":{"line":101,"column":15}},"44":{"start":{"line":104,"column":2},"end":{"line":114,"column":3}},"45":{"start":{"line":105,"column":4},"end":{"line":111,"column":5}},"46":{"start":{"line":106,"column":6},"end":{"line":107,"column":27}},"47":{"start":{"li
[...]
art":{"line":14,"column":0},"end":{"line":14,"column":47}},"13":{"start":{"line":15,"column":0},"end":{"line":15,"column":28}},"14":{"start":{"line":17,"column":0},"end":{"line":19,"column":1}},"15":{"start":{"line":18,"column":2},"end":{"line":18,"column":39}},"16":{"start":{"line":21,"column":0},"end":{"line":23,"column":1}},"17":{"start":{"line":22,"column":2},"end":{"line":22,"column":20}},"18":{"start":{"line":25,"column":0},"end":{"line":27,"column":1}},"19":{"start":{"line":26,"column":2},"end":{"line":26,"column":37}},"20":{"start":{"line":29,"column":0},"end":{"line":46,"column":1}},"21":{"start":{"line":30,"column":2},"end":{"line":32,"column":5}},"22":{"start":{"line":33,"column":2},"end":{"line":34,"column":28}},"23":{"start":{"line":36,"column":2},"end":{"line":41,"column":32}},"24":{"start":{"line":43,"column":2},"end":{"line":45,"column":3}},"25":{"start":{"line":44,"column":4},"end":{"line":44,"column":90}}},"branchMap":{},"code":["var gulp = require('gulp');","var gutil = require('gulp-util');","var buffer = require('vinyl-buffer');","var source = require('vinyl-source-stream');","","var uglify = require('gulp-uglify');","var rename = require('gulp-rename');","var del = require('del');","var run = require('gulp-run');","","gulp.task('clean', clean);","gulp.task('build', build);","gulp.task('test', test);","gulp.task('release', ['clean', 'build'], test);","gulp.task('default', watch);","","function watch() {","  gulp.watch('src/**/*.js', ['build']);","}","","function clean(cb) {","  del(['dist'], cb);","}","","function test() {","  new run.Command('npm test').exec();","}","","function build() {","  var bundler = require('browserify')('./src/viva.js', {","    standalone: 'Viva'","  });","  var bundle = bundler.bundle()","    .on('error', showError);","","  bundle.pipe(source('vivagraph.js'))","    .pipe(buffer())","    .pipe(gulp.dest('./dist/'))","    .pipe(rename('vivagraph.min.js'))","    .pipe(uglify())","    .pipe(gulp.dest('./dist/'));","","  function showError(err) {","    gutil.log(gutil.colors.red('Failed to browserify'), gutil.colors.yellow(err.message));","  }","}",""],"l":{"1":2,"2":0,"3":0,"4":0,"6":0,"7":0,"8":0,"9":0,"11":0,"12":0,"13":0,"14":0,"15":0,"17":1,"18":0,"21":1,"22":0,"25":1,"26":0,"29":1,"30":0,"33":0,"36":0,"43":1,"44":0}},"/home/travis/build/npmtest/node-npmtest-vivagraphjs/node_modules/vivagraphjs/src/Utils/intersectRect.js":{"path":"/home/travis/build/npmtest/node-npmtest-vivagraphjs/node_modules/vivagraphjs/src/Utils/intersectRect.js","s":{"1":1,"2":1,"3":1,"4":0},"b":{"1":[0,0,0,0]},"f":{"1":0},"fnMap":{"1":{"name":"intersectRect","line":5,"loc":{"start":{"line":5,"column":0},"end":{"line":5,"column":65}}}},"statementMap":{"1":{"start":{"line":1,"column":0},"end":{"line":1,"column":38}},"2":{"start":{"line":3,"column":0},"end":{"line":3,"column":31}},"3":{"start":{"line":5,"column":0},"end":{"line":10,"column":1}},"4":{"start":{"line":6,"column":2},"end":{"line":9,"column":53}}},"branchMap":{"1":{"line":6,"type":"binary-expr","locations":[{"start":{"line":6,"column":9},"end":{"line":6,"column":59}},{"start":{"line":7,"column":4},"end":{"line":7,"column":58}},{"start":{"line":8,"column":4},"end":{"line":8,"column":56}},{"start":{"line":9,"column":4},"end":{"line":9,"column":52}}]}},"code":["var intersect = require('gintersect');","","module.exports = intersectRect;","","function intersectRect(left, top, right, bottom, x1, y1, x2, y2) {","  return intersect(left, top, left, bottom, x1, y1, x2, y2) ||","    intersect(left, bottom, right, bottom, x1, y1, x2, y2) ||","    intersect(right, bottom, right, top, x1, y1, x2, y2) ||","    intersect(right, top, left, top, x1, y1, x2, y2);","}",""],"l":{"1":1,"3":1,"5":1,"6":0}},"/home/travis/build/npmtest/node-npmtest-vivagraphjs/node_modules/vivagraphjs/demos/other/d3layout/index.js":{"path":"/home/travis/build/npmtest/node-npmtest-vivagraphjs/node_modules/vivagraphjs/demos/other/d3layout/index.js","s":{"1":2,"2":0,"3":0,"4":0,"5":0,"6":0,"7":1,"8":0,"9":0,"10":0,"11":0,"12":0,"13":0,"14":0,"15":0,"16":0,"17":0,"18":0,"19":0,"20":0,"21":0,"22":0,"23":0,"24":0,"25":0,"26":0,"27":0,"28":0,"29":0,"30":0,"31":0,"32":0,"33":0,"34":0,"35":0,"36":0,"37":0,"38":0,"39":0,"40":0,"41":0,"42":0,"43":0,"44":0,"45":0,"46":0,"47":1,"48":0},"b":{"1":[0,0],"2":[0,0],"3":[0,0],"4":[0,0]},"f":{"1":0,"2":0,"3":0,"4":0,"5":0,"6":0,"7":0,"8":0,"9":0,"10":0,"11":0,"12":0},"fnMap":{"1":{"name":"d3Force","line":23,"loc":{"start":{"line":23,"column":0},"end":{"line":23,"column":33}}},"2":{"name":"(anonymous_2)","line":29,"loc":{"start":{"line":29,"column":20},"end":{"line":29,"column":32}}},"3":{"name":"(anonymous_3)","line":38,"loc":{"start":{"line":38,"column":20},"end":{"line":38,"column":32}}},"4":{"name":"(anonymous_4)","line":59,"loc":{"start":{"line":59,"column":10},"end":{"line":59,"column":21}}},"5":{"name":"(anonymous_5)","line":65,"loc":{"start":{"line":65,"column":21},"end":{"line":65,"column":38}}},"6":{"name":"(anonymous_6)","line":73,"loc":{"start":{"line":73,"column":18},"end":{"line":73,"column":29}}},"7":{"name":"(anonymous_7)","line":79,"loc":{"start":{"line":79,"column":20},"end":{"line":79,"column":35}}},"8":{"name":"(anonymous_8)","line":95,"loc":{"start":{"line":95,"column":18},"end":{"line":95,"column":29}}},"9":{"name":"(anonymous_9)","line":100,"loc":{"start":{"line":100,"column":13},"end":{"line":100,"column":24}}},"10":{"name":"(anonymous_10)","line":104,"loc":{"start":{"line":104,"column":13},"end":{"line":104,"column":24}}},"11":{"name":"(anonymous_11)","line":107,"loc":{"start":{"line":107,"column":21},"end":{"line":107,"column":44}}},"12":{"name":"getNodePosition","line":114,"loc":{"start":{"line":114,"column":2},"end":{"line":114,"column":35}}}},"statementMap":{"1":{"start":{"line":1,"column":0},"end":{"line":1,"column":44}},"2":{"start":{"line":2,"column":0},"end":{"line":2,"column":40}},"3":{"start":{"line":4,"column":0},"end":{"line":9,"column":3}},"4":{"start":{"line":11,"column":0},"end":{"line":11,"column":47}},"5":{"start":{"line":13,"column":0},"end":{"line":18,"column":3}},"6":{"start":{"line":20,"column":0},"end":{"line":20,"column":15}},"7":{"start":{"line":23,"column":0},"end":{"line":117,"column":1}},"8":{"start":{"line":25,"column":2},"end":{"line":25,"column":29}},"9":{"start":{"line":26,"column":2},"end":{"line":26,"column":40}},"10":{"start":{"line":27,"column":2},"end":{"line":27,"column":43}},"11":{"start":{"line":29,"column":2},"end":{"line":36,"column":5}},"12":{"start":{"line":30,"column":4},"end":{"line":30,"column":29}},"13":{"start":{"line":31,"column":4},"end":{"line":31,"column":30}},"14":{"start":{"line":32,"column":4},"end":{"line":34,"column":5}},"15":{"start":{"line":35,"column":4},"end":{"line":35,"column":21}},"16":{"start":{"line":38,"column":2},"end":{"line":46,"column":5}},"17":{"start":{"line":39,"column":4},"end":{"line":39,"column":39}},"18":{"start":{"line":40,"column":4},"end":{"line":40,"column":37}},"19":{"start":{"line":42,"column":4},"end":{"line":42,"column":29}},"20":{"start":{"line":43,"column":4},"end":{"line":43,"column":61}},"21":{"start":{"line":44,"column":4},"end":{"line":44,"column":21}},"22":{"start":{"line":45,"column":4},"end":{"line":45,"column":32}},"23":{"start":{"line":48,"column":2},"end":{"line":54,"column":8}},"24":{"start":{"line":56,"column":2},"end":{"line":56,"column":20}},"25":{"start":{"line":58,"column":2},"end":{"line":112,"column":3}},"26":{"start":{"line":60,"column":6},"end":{"line":60,"column":24}},"27":{"start":{"line":66,"column":6},"end":{"line":66,"column":40}},"28":{"start":{"line":67,"column":6},"end":{"line":70,"column":8}},"29":{"start":{"line":74,"column":6},"end":{"line":74,"column":42}},"30":{"start":{"line":75,"column":6},"end":{"line":75,"column":42}},"31":{"start":{"line":76,"column":6},"end":{"line":76,"column":42}},"32":{"start":{"line":77,"column":6},"end":{"line":77,"column":42}},"33":{"start":{"line":79,"column":6},"end":{"line":85,"column":8}},"34":{"start":{"line":80,"column":8},"end":{"line":80,"column":41}},"35":{"start":{"line":80,"column":27},"end":{"line":80,"column":41}},"36":{"start":{"line":81,"column":8},"end":{"line":81,"column":41}},"37":{"start":{"line":81,"column":27},"end":{"line":81,"column":41}},"38":{"start":{"line":83,"column":8},"end":{"line":83,"column":41}},"39":{"start":{"line":83,"column":27},"end":{"line":83,"column":41}},"40":{"start":{"line":84,"column":8},"end":{"line":84,"column":41}},"41":{"start":{"line":84,"column":27},"end":{"line":84,"column":41}},"42":{"start":{"line":87,"column":6},"end":{"line":92,"column":7}},"43":{"start":{"line":97,"column":6},"end":{"line":97,"column":19}},"44":{"start":{"line":108,"column":6},"end":{"line":108,"column":40}},"45":{"start":{"line":109,"column":6},"end":{"line":109,"column":16}},"46":{"start":{"line":110,"column":6},"end":{"line":110,"column":16}},"47":{"start":{"line":114,"column":2},"end":{"line":116,"column":5}},"48":{"start":{"line":115,"column":6},"end":{"line":115,"column":40}}},"branchMap":{"1":{"line":80,"type":"if","locations":[{"start":{"line":80,"column":8},"end":{"line":80,"column":8}},{"start":{"line":80,"column":8},"end":{"line":80,"column":8}}]},"2":{"line":81,"type":"if","locations":[{"start":{"line":81,"column":8},"end":{"line":81,"column":8}},{"start":{"line":81,"column":8},"end":{"line":81,"column":8}}]},"3":{"line":83,"type":"if","locations":[{"start":{"line":83,"column":8},"end":{"line":83,"column":8}},{"start":{"line":83,"column":8},"end":{"line":83,"column":8}}]},"4":{"line":84,"type":"if","locations":[{"start":{"line":84,"column":8},"end":{"line":84,"column":8}},{"start":{"line":84,"column":8},"end":{"line":84,"column":8}}]}},"code":["var graphGenerator = Viva.Graph.generator();","var graph = graphGenerator.grid(20, 20);","","var layout = d3Force(graph, {","  springLength : 20,","  springCoeff : 1,","  gravity: -30,","  springIterations: 10","});","","var graphics = Viva.Graph.View.webglGraphics();","","var renderer = Viva.Graph.View.renderer(graph, {","    layout: layout,","    graphics: graphics,","    renderLinks: true,","    prerender: true","});","","renderer.run();","","// TODO: extract into module","function d3Force(graph, options) {","  // todo: check input","  var nodes = [], links = [];","  var nodeIdToIdx = Object.create(null);","  var linkIdToD3Link = Object.create(null);","","  graph.forEachNode(function(n) {","    var index = nodes.length;","    nodeIdToIdx[n.id] = index;","    var node = {","      index: index","    }","    nodes.push(node);","  });","","  graph.forEachLink(function(l) {","    var source = nodeIdToIdx[l.fromId];","    var target = nodeIdToIdx[l.toId];","","    var index = links.length;","    var link = {source: source, target: target, index: index}","    links.push(link);","    linkIdToD3Link[l.id] = link;","  });","","  var simulation = d3.forceSimulation(nodes)","      .force(\"charge\", d3.forceManyBody().strength(options.gravity))","      .force(\"link\", d3.forceLink(links)","        .strength(options.springCoeff)","        .distance(options.springLength)","        .iterations(options.springIterations)","      );","","  simulation.stop();","","  return {","    step: function() {","      simulation.tick();","    },","","    getNodePosition: getNodePosition,","","    getLinkPosition: function(linkId) {","      var link = linkIdToD3Link[linkId];","      return {","        from: link.source,","        to: link.target","      };","    },","","    getGraphRect: function() {","      var minX = Number.POSITIVE_INFINITY;","      var minY = Number.POSITIVE_INFINITY;","      var maxX = Number.NEGATIVE_INFINITY;","      var maxY = Number.NEGATIVE_INFINITY;","","      nodes.forEach(function(node) {","        if (node.x < minX) minX = node.x;","        if (node.x > maxX) maxX = node.x;","","        if (node.y < minY) minY = node.y;","        if (node.y > maxY) maxY = node.y;","      })","","      return {","        x1: minX,","        x2: maxX,","        y1: minY,","        y2: maxY","      }","    },","","    isNodePinned: function() {","      // TODO: implement","      return false;","    },","","    pinNode: function() {","      // TODO: implement me","    },","","    dispose: function() {","    },","","    setNodePosition: function(nodeId, x, y) {","      var pos = getNodePosition(nodeId);","      pos.x = x;","      pos.y = y;","    }","  }","","  function getNodePosition(nodeId) {","      return nodes[nodeIdToIdx[nodeId]];","    }","}",""],"l":{"1":2,"2":0,"4":0,"11":0,"13":0,"20":0,"23":1,"25":0,"26":0,"27":0,"29":0,"30":0,"31":0,"32":0,"35":0,"38":0,"39":0,"40":0,"42":0,"43":0,"44":0,"45":0,"48":0,"56":0,"58":0,"60":0,"66":0,"67":0,"74":0,"75":0,"76":0,"77":0,"79":0,"80":0,"81":0,"83":0,"84":0,"87":0,"97":0,"108":0,"109":0,"110":0,"114":1,"115":0}},"/home/travis/build/npmtest/node-npmtest-vivagraphjs/node_modules/vivagraphjs/demos/other/input-override/index.js":{"path":"/home/travis/build/npmtest/node-npmtest-vivagraphjs/node_modules/vivagraphjs/demos/other/input-override/index.js","s":{"1":2,"2":0,"3":0,"4":0,"5":1,"6":0,"7":0,"8":0,"9":0,"10":0,"11":1,"12":0,"13":0,"14":0,"15":0,"16":1,"17":0,"18":0,"19":0,"20":0,"21":0},"b":{"1":[0,0],"2":[0,0]},"f":{"1":0,"2":0,"3":0},"fnMap":{"1":{"name":"renderGraph","line":9,"loc":{"start":{"line":9,"column":0},"end":{"line":9,"column":27}}},"2":{"name":"createContainer","line":34,"loc":{"start":{"line":34,"column":0},"end":{"line":34,"column":27}}},"3":{"name":"generateGraphByName","line":44,"loc":{"start":{"line":44,"column":0},"end":{"line":44,"column":35}}}},"statementMap":{"1":{"start":{"line":2,"column":0},"end":{"line":2,"column":39}},"2":{"start":{"line":3,"column":0},"end":{"line":3,"column":40}},"3":{"start":{"line":5,"column":0},"end":{"line":7,"column":1}},"4":{"start":{"line":6,"column":2},"end":{"line":6,"column":29}},"5":{"start":{"line":9,"column":0},"end":{"line":32,"column":1}},"6":{"start":{"line":10,"column":2},"end":{"line":10,"column":40}},"7":{"start":{"line":11,"column":2},"end":{"line":17,"column":5}},"8":{"start":{"line":19,"column":2},"end":{"line":19,"column":49}},"9":{"start":{"line":20,"column":2},"end":{"line":29,"column":5}},"10":{"start":{"line":31,"column":2},"end":{"line":31,"column":17}},"11":{"start":{"line":34,"column":0},"end":{"line":39,"column":1}},"12":{"start":{"line":35,"column":2},"end":{"line":35,"column":48}},"13":{"start":{"line":36,"column":2},"end":{"line":36,"column":42}},"14":{"start":{"line":37,"column":2},"end":{"line":37,"column":39}},"15":{"start":{"line":38,"column":2},"end":{"line":38,"column":19}},"16":{"start":{"line":44,"column":0},"end":{"line":53,"column":1}},"17":{"start":{"line":45,"column":2},"end":{"line":51,"column":3}},"18":{"start":{"line":47,"column":4},"end":{"line":47,"column":48}},"19":{"start":{"line":48,"column":9},"end":{"line":51,"column":3}},"20":{"start":{"line":50,"column":4},"end":{"line":50,"column":45}},"21":{"start":{"line":52,"column":2},"end":{"line":52,"column":34}}},"branchMap":{"1":{"line":45,"type":"if","locations":[{"start":{"line":45,"column":2},"end":{"line":45,"column":2}},{"start":{"line":45,"column":2},"end":{"line":45,"column":2}}]},"2":{"line":48,"type":"if","locations":[{"start":{"line":48,"column":9},"end":{"line":48,"column":9}},{"start":{"line":48,"column":9},"end":{"line":48,"column":9}}]}},"code":["// let's just rend all possible graphs on this page:","var generator = Viva.Graph.generator();","var graphNames = Object.keys(generator);","","for (var i = 0; i < graphNames.length; ++i) {","  renderGraph(graphNames[i]);","}","","function renderGraph(name) {","  var graph = generateGraphByName(name);","  var layout = Viva.Graph.Layout.forceDirected(graph, {","    springLength: 30,","    springCoeff: 0.0008,","    dragCoeff: 0.01,","    gravity: -1.2,","    theta: 1","  });","","  var graphics = Viva.Graph.View.webglGraphics();","  var renderer = Viva.Graph.View.renderer(graph, {","    // This prevents vivagraph from handling scrolling, but will let user interact","    // with individual nodes:","    interactive: 'nodes',","    // if you want to completely disable interaction, set `interactive` to false.","    // interactive: false,","    layout: layout,","    graphics: graphics,","    container: createContainer()","  });","","  renderer.run();","}","","function createContainer() {","  var container = document.createElement('div');","  container.className = 'graph-container';","  document.body.appendChild(container);","  return container;","}","","// you can safely ignore this function for the purpose of this demo. It just","// generates a random graph an duses custom nodes/links count based on generator","// name.","function generateGraphByName(name) {","  if (name === 'wattsStrogatz') {","    // wattsStrogatz has different default arguments, let's respect it:","    return generator.wattsStrogatz(20, 4, 0.02);","  } else if (name === 'completeBipartite') {","    // it's more stable this way:","    return generator.completeBipartite(3, 3);","  }","  return generator[name](5, 5, 5);","}","",""],"l":{"2":2,"3":0,"5":0,"6":0,"9":1,"10":0,"11":0,"19":0,"20":0,"31":0,"34":1,"35":0,"36":0,"37":0,"38":0,"44":1,"45":0,"47":0,"48":0,"50":0,"52":0}},"/home/travis/build/npmtest/node-npmtest-vivagraphjs/node_modules/vivagraphjs/demos/other/remove-graph/index.js":{"path":"/home/travis/build/npmtest/node-npmtest-vivagraphjs/node_modules/vivagraphjs/demos/other/remove-graph/index.js","s":{"1":1,"2":0,"3":0,"4":0,"5":0,"6":1,"7":0,"8":0,"9":0,"10":0,"11":0,"12":0,"13":1,"14":0},"b":{"1":[0,0]},"f":{"1":0,"2":0,"3":0},"fnMap":{"1":{"name":"removeGraph","line":4,"loc":{"start":{"line":4,"column":0},"end":{"line":4,"column":23}}},"2":{"name":"createNewGraph","line":12,"loc":{"start":{"line":12,"column":0},"end":{"line":12,"column":26}}},"3":{"name":"createPhysicsLayout","line":25,"loc":{"start":{"line":25,"column":0},"end":{"line":25,"column":36}}}},"statementMap":{"1":{"start":{"line":4,"column":0},"end":{"line":10,"column":1}},"2":{"start":{"line":5,"column":2},"end":{"line":7,"column":3}},"3":{"start":{"line":6,"column":4},"end":{"line":6,"column":11}},"4":{"start":{"line":8,"column":2},"end":{"line":8,"column":28}},"5":{"start":{"line":9,"column":2},"end":{"line":9,"column":25}},"6":{"start":{"line":12,"column":0},"end":{"line":23,"column":1}},"7":{"start":{"line":13,"column":2},"end":{"line":13,"column":16}},"8":{"start":{"line":15,"column":2},"end":{"line":15,"column":35}},"9":{"start":{"line":16,"column":2},"end":{"line":16,"column":35}},"10":{"start":{"line":17,"column":2},"end":{"line":17,"column":48}},"11":{"start":{"line":19,"column":2},"end":{"line":21,"column":5}},"12":{"start":{"line":22,"column":2},"end":{"line":22,"column":24}},"13":{"start":{"line":25,"column":0},"end":{"line":32,"column":1}},"14":{"start":{"line":26,"column":2},"end":{"line":31,"column":5}}},"branchMap":{"1":{"line":5,"type":"if","locations":[{"start":{"line":5,"column":2},"end":{"line":5,"column":2}},{"start":{"line":5,"column":2},"end":{"line":5,"column":2}}]}},"code":["/**"," * This demo shows how to dispose renderer and create a new one."," */","function removeGraph() {","  if (!window.renderer) {","    return; // already removed","  }","  window.renderer.dispose(); // remove the graph","  window.renderer = null;","}","","function createNewGraph() {","  removeGraph();","  // just a random size for a grid graph [1, 9):","  var n = Math.random() * 10|0 + 1;","  var m = Math.random() * 10|0 + 1;","  var graph = Viva.Graph.generator().grid(n, m);","","  window.renderer = Viva.Graph.View.renderer(graph, {","      layout : createPhysicsLayout(graph)","  });","  window.renderer.run();","}","","function createPhysicsLayout(graph) {","  return Viva.Graph.Layout.forceDirected(graph, {","      springLength : 10,","      springCoeff : 0.0005,","      dragCoeff : 0.02,","      gravity : -1.2","  });","}",""],"l":{"4":1,"5":0,"6":0,"8":0,"9":0,"12":1,"13":0,"15":0,"16":0,"17":0,"19":0,"22":0,"25":1,"26":0}}}